 <<< Combine >>> 
>>> random number generator seed is 123456
>>> method used is MultiDimFit
Set Range of Parameter r To : (0.8,1.2)
Dataset data_obs not found.
>>> 0 out of 2 channels masked

Parameters: 
  1) RooRealVar::                      mask_Electrons = 0
  2) RooRealVar::                          mask_Muons = 0
  3) RooRealVar::       n_exp_binElectrons_proc_WJets = 792777
  4) RooRealVar::         n_exp_binElectrons_proc_bkg = 7.38469e+06
  5) RooRealVar::       n_exp_binElectrons_proc_diHad = 62006.3
  6) RooRealVar::      n_exp_binElectrons_proc_diLept = 2.45051e+06
  7) RooRealVar:: n_exp_binElectrons_proc_signalMuons = 22.4066
  8) RooRealVar::  n_exp_binElectrons_proc_signalTaus = 378.101
  9) RooRealVar::           n_exp_binMuons_proc_WJets = 792765
 10) RooRealVar::             n_exp_binMuons_proc_bkg = 9.09615e+06
 11) RooRealVar::           n_exp_binMuons_proc_diHad = 165328
 12) RooRealVar::          n_exp_binMuons_proc_diLept = 2.96461e+06
 13) RooRealVar:: n_exp_binMuons_proc_signalElectrons = 64.4185
 14) RooRealVar::      n_exp_binMuons_proc_signalTaus = 532.152
 15) RooRealVar::                                   r = 1
Obs: 
  1) RooRealVar::    CMS_th1x = 45.5
  2) RooCategory:: CMS_channel = Muons(idx = 0)

SimNLL created with 2 channels, 0 generic constraints, 0 fast gaussian constraints, 0 fast poisson constraints, 0 fast group constraints, 
 POI: r= 0.999998 -> [0.8,1.2]
Point 0/2000 r = 0.8001
Point 1/2000 r = 0.8003
Point 2/2000 r = 0.8005
Point 3/2000 r = 0.8007
Point 4/2000 r = 0.8009
Point 5/2000 r = 0.8011
Point 6/2000 r = 0.8013
Point 7/2000 r = 0.8015
Point 8/2000 r = 0.8017
Point 9/2000 r = 0.8019
Point 10/2000 r = 0.8021
Point 11/2000 r = 0.8023
Point 12/2000 r = 0.8025
Point 13/2000 r = 0.8027
Point 14/2000 r = 0.8029
Point 15/2000 r = 0.8031
Point 16/2000 r = 0.8033
Point 17/2000 r = 0.8035
Point 18/2000 r = 0.8037
Point 19/2000 r = 0.8039
Point 20/2000 r = 0.8041
Point 21/2000 r = 0.8043
Point 22/2000 r = 0.8045
Point 23/2000 r = 0.8047
Point 24/2000 r = 0.8049
Point 25/2000 r = 0.8051
Point 26/2000 r = 0.8053
Point 27/2000 r = 0.8055
Point 28/2000 r = 0.8057
Point 29/2000 r = 0.8059
Point 30/2000 r = 0.8061
Point 31/2000 r = 0.8063
Point 32/2000 r = 0.8065
Point 33/2000 r = 0.8067
Point 34/2000 r = 0.8069
Point 35/2000 r = 0.8071
Point 36/2000 r = 0.8073
Point 37/2000 r = 0.8075
Point 38/2000 r = 0.8077
Point 39/2000 r = 0.8079
Point 40/2000 r = 0.8081
Point 41/2000 r = 0.8083
Point 42/2000 r = 0.8085
Point 43/2000 r = 0.8087
Point 44/2000 r = 0.8089
Point 45/2000 r = 0.8091
Point 46/2000 r = 0.8093
Point 47/2000 r = 0.8095
Point 48/2000 r = 0.8097
Point 49/2000 r = 0.8099
Point 50/2000 r = 0.8101
Point 51/2000 r = 0.8103
Point 52/2000 r = 0.8105
Point 53/2000 r = 0.8107
Point 54/2000 r = 0.8109
Point 55/2000 r = 0.8111
Point 56/2000 r = 0.8113
Point 57/2000 r = 0.8115
Point 58/2000 r = 0.8117
Point 59/2000 r = 0.8119
Point 60/2000 r = 0.8121
Point 61/2000 r = 0.8123
Point 62/2000 r = 0.8125
Point 63/2000 r = 0.8127
Point 64/2000 r = 0.8129
Point 65/2000 r = 0.8131
Point 66/2000 r = 0.8133
Point 67/2000 r = 0.8135
Point 68/2000 r = 0.8137
Point 69/2000 r = 0.8139
Point 70/2000 r = 0.8141
Point 71/2000 r = 0.8143
Point 72/2000 r = 0.8145
Point 73/2000 r = 0.8147
Point 74/2000 r = 0.8149
Point 75/2000 r = 0.8151
Point 76/2000 r = 0.8153
Point 77/2000 r = 0.8155
Point 78/2000 r = 0.8157
Point 79/2000 r = 0.8159
Point 80/2000 r = 0.8161
Point 81/2000 r = 0.8163
Point 82/2000 r = 0.8165
Point 83/2000 r = 0.8167
Point 84/2000 r = 0.8169
Point 85/2000 r = 0.8171
Point 86/2000 r = 0.8173
Point 87/2000 r = 0.8175
Point 88/2000 r = 0.8177
Point 89/2000 r = 0.8179
Point 90/2000 r = 0.8181
Point 91/2000 r = 0.8183
Point 92/2000 r = 0.8185
Point 93/2000 r = 0.8187
Point 94/2000 r = 0.8189
Point 95/2000 r = 0.8191
Point 96/2000 r = 0.8193
Point 97/2000 r = 0.8195
Point 98/2000 r = 0.8197
Point 99/2000 r = 0.8199
Point 100/2000 r = 0.8201
Point 101/2000 r = 0.8203
Point 102/2000 r = 0.8205
Point 103/2000 r = 0.8207
Point 104/2000 r = 0.8209
Point 105/2000 r = 0.8211
Point 106/2000 r = 0.8213
Point 107/2000 r = 0.8215
Point 108/2000 r = 0.8217
Point 109/2000 r = 0.8219
Point 110/2000 r = 0.8221
Point 111/2000 r = 0.8223
Point 112/2000 r = 0.8225
Point 113/2000 r = 0.8227
Point 114/2000 r = 0.8229
Point 115/2000 r = 0.8231
Point 116/2000 r = 0.8233
Point 117/2000 r = 0.8235
Point 118/2000 r = 0.8237
Point 119/2000 r = 0.8239
Point 120/2000 r = 0.8241
Point 121/2000 r = 0.8243
Point 122/2000 r = 0.8245
Point 123/2000 r = 0.8247
Point 124/2000 r = 0.8249
Point 125/2000 r = 0.8251
Point 126/2000 r = 0.8253
Point 127/2000 r = 0.8255
Point 128/2000 r = 0.8257
Point 129/2000 r = 0.8259
Point 130/2000 r = 0.8261
Point 131/2000 r = 0.8263
Point 132/2000 r = 0.8265
Point 133/2000 r = 0.8267
Point 134/2000 r = 0.8269
Point 135/2000 r = 0.8271
Point 136/2000 r = 0.8273
Point 137/2000 r = 0.8275
Point 138/2000 r = 0.8277
Point 139/2000 r = 0.8279
Point 140/2000 r = 0.8281
Point 141/2000 r = 0.8283
Point 142/2000 r = 0.8285
Point 143/2000 r = 0.8287
Point 144/2000 r = 0.8289
Point 145/2000 r = 0.8291
Point 146/2000 r = 0.8293
Point 147/2000 r = 0.8295
Point 148/2000 r = 0.8297
Point 149/2000 r = 0.8299
Point 150/2000 r = 0.8301
Point 151/2000 r = 0.8303
Point 152/2000 r = 0.8305
Point 153/2000 r = 0.8307
Point 154/2000 r = 0.8309
Point 155/2000 r = 0.8311
Point 156/2000 r = 0.8313
Point 157/2000 r = 0.8315
Point 158/2000 r = 0.8317
Point 159/2000 r = 0.8319
Point 160/2000 r = 0.8321
Point 161/2000 r = 0.8323
Point 162/2000 r = 0.8325
Point 163/2000 r = 0.8327
Point 164/2000 r = 0.8329
Point 165/2000 r = 0.8331
Point 166/2000 r = 0.8333
Point 167/2000 r = 0.8335
Point 168/2000 r = 0.8337
Point 169/2000 r = 0.8339
Point 170/2000 r = 0.8341
Point 171/2000 r = 0.8343
Point 172/2000 r = 0.8345
Point 173/2000 r = 0.8347
Point 174/2000 r = 0.8349
Point 175/2000 r = 0.8351
Point 176/2000 r = 0.8353
Point 177/2000 r = 0.8355
Point 178/2000 r = 0.8357
Point 179/2000 r = 0.8359
Point 180/2000 r = 0.8361
Point 181/2000 r = 0.8363
Point 182/2000 r = 0.8365
Point 183/2000 r = 0.8367
Point 184/2000 r = 0.8369
Point 185/2000 r = 0.8371
Point 186/2000 r = 0.8373
Point 187/2000 r = 0.8375
Point 188/2000 r = 0.8377
Point 189/2000 r = 0.8379
Point 190/2000 r = 0.8381
Point 191/2000 r = 0.8383
Point 192/2000 r = 0.8385
Point 193/2000 r = 0.8387
Point 194/2000 r = 0.8389
Point 195/2000 r = 0.8391
Point 196/2000 r = 0.8393
Point 197/2000 r = 0.8395
Point 198/2000 r = 0.8397
Point 199/2000 r = 0.8399
Point 200/2000 r = 0.8401
Point 201/2000 r = 0.8403
Point 202/2000 r = 0.8405
Point 203/2000 r = 0.8407
Point 204/2000 r = 0.8409
Point 205/2000 r = 0.8411
Point 206/2000 r = 0.8413
Point 207/2000 r = 0.8415
Point 208/2000 r = 0.8417
Point 209/2000 r = 0.8419
Point 210/2000 r = 0.8421
Point 211/2000 r = 0.8423
Point 212/2000 r = 0.8425
Point 213/2000 r = 0.8427
Point 214/2000 r = 0.8429
Point 215/2000 r = 0.8431
Point 216/2000 r = 0.8433
Point 217/2000 r = 0.8435
Point 218/2000 r = 0.8437
Point 219/2000 r = 0.8439
Point 220/2000 r = 0.8441
Point 221/2000 r = 0.8443
Point 222/2000 r = 0.8445
Point 223/2000 r = 0.8447
Point 224/2000 r = 0.8449
Point 225/2000 r = 0.8451
Point 226/2000 r = 0.8453
Point 227/2000 r = 0.8455
Point 228/2000 r = 0.8457
Point 229/2000 r = 0.8459
Point 230/2000 r = 0.8461
Point 231/2000 r = 0.8463
Point 232/2000 r = 0.8465
Point 233/2000 r = 0.8467
Point 234/2000 r = 0.8469
Point 235/2000 r = 0.8471
Point 236/2000 r = 0.8473
Point 237/2000 r = 0.8475
Point 238/2000 r = 0.8477
Point 239/2000 r = 0.8479
Point 240/2000 r = 0.8481
Point 241/2000 r = 0.8483
Point 242/2000 r = 0.8485
Point 243/2000 r = 0.8487
Point 244/2000 r = 0.8489
Point 245/2000 r = 0.8491
Point 246/2000 r = 0.8493
Point 247/2000 r = 0.8495
Point 248/2000 r = 0.8497
Point 249/2000 r = 0.8499
Point 250/2000 r = 0.8501
Point 251/2000 r = 0.8503
Point 252/2000 r = 0.8505
Point 253/2000 r = 0.8507
Point 254/2000 r = 0.8509
Point 255/2000 r = 0.8511
Point 256/2000 r = 0.8513
Point 257/2000 r = 0.8515
Point 258/2000 r = 0.8517
Point 259/2000 r = 0.8519
Point 260/2000 r = 0.8521
Point 261/2000 r = 0.8523
Point 262/2000 r = 0.8525
Point 263/2000 r = 0.8527
Point 264/2000 r = 0.8529
Point 265/2000 r = 0.8531
Point 266/2000 r = 0.8533
Point 267/2000 r = 0.8535
Point 268/2000 r = 0.8537
Point 269/2000 r = 0.8539
Point 270/2000 r = 0.8541
Point 271/2000 r = 0.8543
Point 272/2000 r = 0.8545
Point 273/2000 r = 0.8547
Point 274/2000 r = 0.8549
Point 275/2000 r = 0.8551
Point 276/2000 r = 0.8553
Point 277/2000 r = 0.8555
Point 278/2000 r = 0.8557
Point 279/2000 r = 0.8559
Point 280/2000 r = 0.8561
Point 281/2000 r = 0.8563
Point 282/2000 r = 0.8565
Point 283/2000 r = 0.8567
Point 284/2000 r = 0.8569
Point 285/2000 r = 0.8571
Point 286/2000 r = 0.8573
Point 287/2000 r = 0.8575
Point 288/2000 r = 0.8577
Point 289/2000 r = 0.8579
Point 290/2000 r = 0.8581
Point 291/2000 r = 0.8583
Point 292/2000 r = 0.8585
Point 293/2000 r = 0.8587
Point 294/2000 r = 0.8589
Point 295/2000 r = 0.8591
Point 296/2000 r = 0.8593
Point 297/2000 r = 0.8595
Point 298/2000 r = 0.8597
Point 299/2000 r = 0.8599
Point 300/2000 r = 0.8601
Point 301/2000 r = 0.8603
Point 302/2000 r = 0.8605
Point 303/2000 r = 0.8607
Point 304/2000 r = 0.8609
Point 305/2000 r = 0.8611
Point 306/2000 r = 0.8613
Point 307/2000 r = 0.8615
Point 308/2000 r = 0.8617
Point 309/2000 r = 0.8619
Point 310/2000 r = 0.8621
Point 311/2000 r = 0.8623
Point 312/2000 r = 0.8625
Point 313/2000 r = 0.8627
Point 314/2000 r = 0.8629
Point 315/2000 r = 0.8631
Point 316/2000 r = 0.8633
Point 317/2000 r = 0.8635
Point 318/2000 r = 0.8637
Point 319/2000 r = 0.8639
Point 320/2000 r = 0.8641
Point 321/2000 r = 0.8643
Point 322/2000 r = 0.8645
Point 323/2000 r = 0.8647
Point 324/2000 r = 0.8649
Point 325/2000 r = 0.8651
Point 326/2000 r = 0.8653
Point 327/2000 r = 0.8655
Point 328/2000 r = 0.8657
Point 329/2000 r = 0.8659
Point 330/2000 r = 0.8661
Point 331/2000 r = 0.8663
Point 332/2000 r = 0.8665
Point 333/2000 r = 0.8667
Point 334/2000 r = 0.8669
Point 335/2000 r = 0.8671
Point 336/2000 r = 0.8673
Point 337/2000 r = 0.8675
Point 338/2000 r = 0.8677
Point 339/2000 r = 0.8679
Point 340/2000 r = 0.8681
Point 341/2000 r = 0.8683
Point 342/2000 r = 0.8685
Point 343/2000 r = 0.8687
Point 344/2000 r = 0.8689
Point 345/2000 r = 0.8691
Point 346/2000 r = 0.8693
Point 347/2000 r = 0.8695
Point 348/2000 r = 0.8697
Point 349/2000 r = 0.8699
Point 350/2000 r = 0.8701
Point 351/2000 r = 0.8703
Point 352/2000 r = 0.8705
Point 353/2000 r = 0.8707
Point 354/2000 r = 0.8709
Point 355/2000 r = 0.8711
Point 356/2000 r = 0.8713
Point 357/2000 r = 0.8715
Point 358/2000 r = 0.8717
Point 359/2000 r = 0.8719
Point 360/2000 r = 0.8721
Point 361/2000 r = 0.8723
Point 362/2000 r = 0.8725
Point 363/2000 r = 0.8727
Point 364/2000 r = 0.8729
Point 365/2000 r = 0.8731
Point 366/2000 r = 0.8733
Point 367/2000 r = 0.8735
Point 368/2000 r = 0.8737
Point 369/2000 r = 0.8739
Point 370/2000 r = 0.8741
Point 371/2000 r = 0.8743
Point 372/2000 r = 0.8745
Point 373/2000 r = 0.8747
Point 374/2000 r = 0.8749
Point 375/2000 r = 0.8751
Point 376/2000 r = 0.8753
Point 377/2000 r = 0.8755
Point 378/2000 r = 0.8757
Point 379/2000 r = 0.8759
Point 380/2000 r = 0.8761
Point 381/2000 r = 0.8763
Point 382/2000 r = 0.8765
Point 383/2000 r = 0.8767
Point 384/2000 r = 0.8769
Point 385/2000 r = 0.8771
Point 386/2000 r = 0.8773
Point 387/2000 r = 0.8775
Point 388/2000 r = 0.8777
Point 389/2000 r = 0.8779
Point 390/2000 r = 0.8781
Point 391/2000 r = 0.8783
Point 392/2000 r = 0.8785
Point 393/2000 r = 0.8787
Point 394/2000 r = 0.8789
Point 395/2000 r = 0.8791
Point 396/2000 r = 0.8793
Point 397/2000 r = 0.8795
Point 398/2000 r = 0.8797
Point 399/2000 r = 0.8799
Point 400/2000 r = 0.8801
Point 401/2000 r = 0.8803
Point 402/2000 r = 0.8805
Point 403/2000 r = 0.8807
Point 404/2000 r = 0.8809
Point 405/2000 r = 0.8811
Point 406/2000 r = 0.8813
Point 407/2000 r = 0.8815
Point 408/2000 r = 0.8817
Point 409/2000 r = 0.8819
Point 410/2000 r = 0.8821
Point 411/2000 r = 0.8823
Point 412/2000 r = 0.8825
Point 413/2000 r = 0.8827
Point 414/2000 r = 0.8829
Point 415/2000 r = 0.8831
Point 416/2000 r = 0.8833
Point 417/2000 r = 0.8835
Point 418/2000 r = 0.8837
Point 419/2000 r = 0.8839
Point 420/2000 r = 0.8841
Point 421/2000 r = 0.8843
Point 422/2000 r = 0.8845
Point 423/2000 r = 0.8847
Point 424/2000 r = 0.8849
Point 425/2000 r = 0.8851
Point 426/2000 r = 0.8853
Point 427/2000 r = 0.8855
Point 428/2000 r = 0.8857
Point 429/2000 r = 0.8859
Point 430/2000 r = 0.8861
Point 431/2000 r = 0.8863
Point 432/2000 r = 0.8865
Point 433/2000 r = 0.8867
Point 434/2000 r = 0.8869
Point 435/2000 r = 0.8871
Point 436/2000 r = 0.8873
Point 437/2000 r = 0.8875
Point 438/2000 r = 0.8877
Point 439/2000 r = 0.8879
Point 440/2000 r = 0.8881
Point 441/2000 r = 0.8883
Point 442/2000 r = 0.8885
Point 443/2000 r = 0.8887
Point 444/2000 r = 0.8889
Point 445/2000 r = 0.8891
Point 446/2000 r = 0.8893
Point 447/2000 r = 0.8895
Point 448/2000 r = 0.8897
Point 449/2000 r = 0.8899
Point 450/2000 r = 0.8901
Point 451/2000 r = 0.8903
Point 452/2000 r = 0.8905
Point 453/2000 r = 0.8907
Point 454/2000 r = 0.8909
Point 455/2000 r = 0.8911
Point 456/2000 r = 0.8913
Point 457/2000 r = 0.8915
Point 458/2000 r = 0.8917
Point 459/2000 r = 0.8919
Point 460/2000 r = 0.8921
Point 461/2000 r = 0.8923
Point 462/2000 r = 0.8925
Point 463/2000 r = 0.8927
Point 464/2000 r = 0.8929
Point 465/2000 r = 0.8931
Point 466/2000 r = 0.8933
Point 467/2000 r = 0.8935
Point 468/2000 r = 0.8937
Point 469/2000 r = 0.8939
Point 470/2000 r = 0.8941
Point 471/2000 r = 0.8943
Point 472/2000 r = 0.8945
Point 473/2000 r = 0.8947
Point 474/2000 r = 0.8949
Point 475/2000 r = 0.8951
Point 476/2000 r = 0.8953
Point 477/2000 r = 0.8955
Point 478/2000 r = 0.8957
Point 479/2000 r = 0.8959
Point 480/2000 r = 0.8961
Point 481/2000 r = 0.8963
Point 482/2000 r = 0.8965
Point 483/2000 r = 0.8967
Point 484/2000 r = 0.8969
Point 485/2000 r = 0.8971
Point 486/2000 r = 0.8973
Point 487/2000 r = 0.8975
Point 488/2000 r = 0.8977
Point 489/2000 r = 0.8979
Point 490/2000 r = 0.8981
Point 491/2000 r = 0.8983
Point 492/2000 r = 0.8985
Point 493/2000 r = 0.8987
Point 494/2000 r = 0.8989
Point 495/2000 r = 0.8991
Point 496/2000 r = 0.8993
Point 497/2000 r = 0.8995
Point 498/2000 r = 0.8997
Point 499/2000 r = 0.8999
Point 500/2000 r = 0.9001
Point 501/2000 r = 0.9003
Point 502/2000 r = 0.9005
Point 503/2000 r = 0.9007
Point 504/2000 r = 0.9009
Point 505/2000 r = 0.9011
Point 506/2000 r = 0.9013
Point 507/2000 r = 0.9015
Point 508/2000 r = 0.9017
Point 509/2000 r = 0.9019
Point 510/2000 r = 0.9021
Point 511/2000 r = 0.9023
Point 512/2000 r = 0.9025
Point 513/2000 r = 0.9027
Point 514/2000 r = 0.9029
Point 515/2000 r = 0.9031
Point 516/2000 r = 0.9033
Point 517/2000 r = 0.9035
Point 518/2000 r = 0.9037
Point 519/2000 r = 0.9039
Point 520/2000 r = 0.9041
Point 521/2000 r = 0.9043
Point 522/2000 r = 0.9045
Point 523/2000 r = 0.9047
Point 524/2000 r = 0.9049
Point 525/2000 r = 0.9051
Point 526/2000 r = 0.9053
Point 527/2000 r = 0.9055
Point 528/2000 r = 0.9057
Point 529/2000 r = 0.9059
Point 530/2000 r = 0.9061
Point 531/2000 r = 0.9063
Point 532/2000 r = 0.9065
Point 533/2000 r = 0.9067
Point 534/2000 r = 0.9069
Point 535/2000 r = 0.9071
Point 536/2000 r = 0.9073
Point 537/2000 r = 0.9075
Point 538/2000 r = 0.9077
Point 539/2000 r = 0.9079
Point 540/2000 r = 0.9081
Point 541/2000 r = 0.9083
Point 542/2000 r = 0.9085
Point 543/2000 r = 0.9087
Point 544/2000 r = 0.9089
Point 545/2000 r = 0.9091
Point 546/2000 r = 0.9093
Point 547/2000 r = 0.9095
Point 548/2000 r = 0.9097
Point 549/2000 r = 0.9099
Point 550/2000 r = 0.9101
Point 551/2000 r = 0.9103
Point 552/2000 r = 0.9105
Point 553/2000 r = 0.9107
Point 554/2000 r = 0.9109
Point 555/2000 r = 0.9111
Point 556/2000 r = 0.9113
Point 557/2000 r = 0.9115
Point 558/2000 r = 0.9117
Point 559/2000 r = 0.9119
Point 560/2000 r = 0.9121
Point 561/2000 r = 0.9123
Point 562/2000 r = 0.9125
Point 563/2000 r = 0.9127
Point 564/2000 r = 0.9129
Point 565/2000 r = 0.9131
Point 566/2000 r = 0.9133
Point 567/2000 r = 0.9135
Point 568/2000 r = 0.9137
Point 569/2000 r = 0.9139
Point 570/2000 r = 0.9141
Point 571/2000 r = 0.9143
Point 572/2000 r = 0.9145
Point 573/2000 r = 0.9147
Point 574/2000 r = 0.9149
Point 575/2000 r = 0.9151
Point 576/2000 r = 0.9153
Point 577/2000 r = 0.9155
Point 578/2000 r = 0.9157
Point 579/2000 r = 0.9159
Point 580/2000 r = 0.9161
Point 581/2000 r = 0.9163
Point 582/2000 r = 0.9165
Point 583/2000 r = 0.9167
Point 584/2000 r = 0.9169
Point 585/2000 r = 0.9171
Point 586/2000 r = 0.9173
Point 587/2000 r = 0.9175
Point 588/2000 r = 0.9177
Point 589/2000 r = 0.9179
Point 590/2000 r = 0.9181
Point 591/2000 r = 0.9183
Point 592/2000 r = 0.9185
Point 593/2000 r = 0.9187
Point 594/2000 r = 0.9189
Point 595/2000 r = 0.9191
Point 596/2000 r = 0.9193
Point 597/2000 r = 0.9195
Point 598/2000 r = 0.9197
Point 599/2000 r = 0.9199
Point 600/2000 r = 0.9201
Point 601/2000 r = 0.9203
Point 602/2000 r = 0.9205
Point 603/2000 r = 0.9207
Point 604/2000 r = 0.9209
Point 605/2000 r = 0.9211
Point 606/2000 r = 0.9213
Point 607/2000 r = 0.9215
Point 608/2000 r = 0.9217
Point 609/2000 r = 0.9219
Point 610/2000 r = 0.9221
Point 611/2000 r = 0.9223
Point 612/2000 r = 0.9225
Point 613/2000 r = 0.9227
Point 614/2000 r = 0.9229
Point 615/2000 r = 0.9231
Point 616/2000 r = 0.9233
Point 617/2000 r = 0.9235
Point 618/2000 r = 0.9237
Point 619/2000 r = 0.9239
Point 620/2000 r = 0.9241
Point 621/2000 r = 0.9243
Point 622/2000 r = 0.9245
Point 623/2000 r = 0.9247
Point 624/2000 r = 0.9249
Point 625/2000 r = 0.9251
Point 626/2000 r = 0.9253
Point 627/2000 r = 0.9255
Point 628/2000 r = 0.9257
Point 629/2000 r = 0.9259
Point 630/2000 r = 0.9261
Point 631/2000 r = 0.9263
Point 632/2000 r = 0.9265
Point 633/2000 r = 0.9267
Point 634/2000 r = 0.9269
Point 635/2000 r = 0.9271
Point 636/2000 r = 0.9273
Point 637/2000 r = 0.9275
Point 638/2000 r = 0.9277
Point 639/2000 r = 0.9279
Point 640/2000 r = 0.9281
Point 641/2000 r = 0.9283
Point 642/2000 r = 0.9285
Point 643/2000 r = 0.9287
Point 644/2000 r = 0.9289
Point 645/2000 r = 0.9291
Point 646/2000 r = 0.9293
Point 647/2000 r = 0.9295
Point 648/2000 r = 0.9297
Point 649/2000 r = 0.9299
Point 650/2000 r = 0.9301
Point 651/2000 r = 0.9303
Point 652/2000 r = 0.9305
Point 653/2000 r = 0.9307
Point 654/2000 r = 0.9309
Point 655/2000 r = 0.9311
Point 656/2000 r = 0.9313
Point 657/2000 r = 0.9315
Point 658/2000 r = 0.9317
Point 659/2000 r = 0.9319
Point 660/2000 r = 0.9321
Point 661/2000 r = 0.9323
Point 662/2000 r = 0.9325
Point 663/2000 r = 0.9327
Point 664/2000 r = 0.9329
Point 665/2000 r = 0.9331
Point 666/2000 r = 0.9333
Point 667/2000 r = 0.9335
Point 668/2000 r = 0.9337
Point 669/2000 r = 0.9339
Point 670/2000 r = 0.9341
Point 671/2000 r = 0.9343
Point 672/2000 r = 0.9345
Point 673/2000 r = 0.9347
Point 674/2000 r = 0.9349
Point 675/2000 r = 0.9351
Point 676/2000 r = 0.9353
Point 677/2000 r = 0.9355
Point 678/2000 r = 0.9357
Point 679/2000 r = 0.9359
Point 680/2000 r = 0.9361
Point 681/2000 r = 0.9363
Point 682/2000 r = 0.9365
Point 683/2000 r = 0.9367
Point 684/2000 r = 0.9369
Point 685/2000 r = 0.9371
Point 686/2000 r = 0.9373
Point 687/2000 r = 0.9375
Point 688/2000 r = 0.9377
Point 689/2000 r = 0.9379
Point 690/2000 r = 0.9381
Point 691/2000 r = 0.9383
Point 692/2000 r = 0.9385
Point 693/2000 r = 0.9387
Point 694/2000 r = 0.9389
Point 695/2000 r = 0.9391
Point 696/2000 r = 0.9393
Point 697/2000 r = 0.9395
Point 698/2000 r = 0.9397
Point 699/2000 r = 0.9399
Point 700/2000 r = 0.9401
Point 701/2000 r = 0.9403
Point 702/2000 r = 0.9405
Point 703/2000 r = 0.9407
Point 704/2000 r = 0.9409
Point 705/2000 r = 0.9411
Point 706/2000 r = 0.9413
Point 707/2000 r = 0.9415
Point 708/2000 r = 0.9417
Point 709/2000 r = 0.9419
Point 710/2000 r = 0.9421
Point 711/2000 r = 0.9423
Point 712/2000 r = 0.9425
Point 713/2000 r = 0.9427
Point 714/2000 r = 0.9429
Point 715/2000 r = 0.9431
Point 716/2000 r = 0.9433
Point 717/2000 r = 0.9435
Point 718/2000 r = 0.9437
Point 719/2000 r = 0.9439
Point 720/2000 r = 0.9441
Point 721/2000 r = 0.9443
Point 722/2000 r = 0.9445
Point 723/2000 r = 0.9447
Point 724/2000 r = 0.9449
Point 725/2000 r = 0.9451
Point 726/2000 r = 0.9453
Point 727/2000 r = 0.9455
Point 728/2000 r = 0.9457
Point 729/2000 r = 0.9459
Point 730/2000 r = 0.9461
Point 731/2000 r = 0.9463
Point 732/2000 r = 0.9465
Point 733/2000 r = 0.9467
Point 734/2000 r = 0.9469
Point 735/2000 r = 0.9471
Point 736/2000 r = 0.9473
Point 737/2000 r = 0.9475
Point 738/2000 r = 0.9477
Point 739/2000 r = 0.9479
Point 740/2000 r = 0.9481
Point 741/2000 r = 0.9483
Point 742/2000 r = 0.9485
Point 743/2000 r = 0.9487
Point 744/2000 r = 0.9489
Point 745/2000 r = 0.9491
Point 746/2000 r = 0.9493
Point 747/2000 r = 0.9495
Point 748/2000 r = 0.9497
Point 749/2000 r = 0.9499
Point 750/2000 r = 0.9501
Point 751/2000 r = 0.9503
Point 752/2000 r = 0.9505
Point 753/2000 r = 0.9507
Point 754/2000 r = 0.9509
Point 755/2000 r = 0.9511
Point 756/2000 r = 0.9513
Point 757/2000 r = 0.9515
Point 758/2000 r = 0.9517
Point 759/2000 r = 0.9519
Point 760/2000 r = 0.9521
Point 761/2000 r = 0.9523
Point 762/2000 r = 0.9525
Point 763/2000 r = 0.9527
Point 764/2000 r = 0.9529
Point 765/2000 r = 0.9531
Point 766/2000 r = 0.9533
Point 767/2000 r = 0.9535
Point 768/2000 r = 0.9537
Point 769/2000 r = 0.9539
Point 770/2000 r = 0.9541
Point 771/2000 r = 0.9543
Point 772/2000 r = 0.9545
Point 773/2000 r = 0.9547
Point 774/2000 r = 0.9549
Point 775/2000 r = 0.9551
Point 776/2000 r = 0.9553
Point 777/2000 r = 0.9555
Point 778/2000 r = 0.9557
Point 779/2000 r = 0.9559
Point 780/2000 r = 0.9561
Point 781/2000 r = 0.9563
Point 782/2000 r = 0.9565
Point 783/2000 r = 0.9567
Point 784/2000 r = 0.9569
Point 785/2000 r = 0.9571
Point 786/2000 r = 0.9573
Point 787/2000 r = 0.9575
Point 788/2000 r = 0.9577
Point 789/2000 r = 0.9579
Point 790/2000 r = 0.9581
Point 791/2000 r = 0.9583
Point 792/2000 r = 0.9585
Point 793/2000 r = 0.9587
Point 794/2000 r = 0.9589
Point 795/2000 r = 0.9591
Point 796/2000 r = 0.9593
Point 797/2000 r = 0.9595
Point 798/2000 r = 0.9597
Point 799/2000 r = 0.9599
Point 800/2000 r = 0.9601
Point 801/2000 r = 0.9603
Point 802/2000 r = 0.9605
Point 803/2000 r = 0.9607
Point 804/2000 r = 0.9609
Point 805/2000 r = 0.9611
Point 806/2000 r = 0.9613
Point 807/2000 r = 0.9615
Point 808/2000 r = 0.9617
Point 809/2000 r = 0.9619
Point 810/2000 r = 0.9621
Point 811/2000 r = 0.9623
Point 812/2000 r = 0.9625
Point 813/2000 r = 0.9627
Point 814/2000 r = 0.9629
Point 815/2000 r = 0.9631
Point 816/2000 r = 0.9633
Point 817/2000 r = 0.9635
Point 818/2000 r = 0.9637
Point 819/2000 r = 0.9639
Point 820/2000 r = 0.9641
Point 821/2000 r = 0.9643
Point 822/2000 r = 0.9645
Point 823/2000 r = 0.9647
Point 824/2000 r = 0.9649
Point 825/2000 r = 0.9651
Point 826/2000 r = 0.9653
Point 827/2000 r = 0.9655
Point 828/2000 r = 0.9657
Point 829/2000 r = 0.9659
Point 830/2000 r = 0.9661
Point 831/2000 r = 0.9663
Point 832/2000 r = 0.9665
Point 833/2000 r = 0.9667
Point 834/2000 r = 0.9669
Point 835/2000 r = 0.9671
Point 836/2000 r = 0.9673
Point 837/2000 r = 0.9675
Point 838/2000 r = 0.9677
Point 839/2000 r = 0.9679
Point 840/2000 r = 0.9681
Point 841/2000 r = 0.9683
Point 842/2000 r = 0.9685
Point 843/2000 r = 0.9687
Point 844/2000 r = 0.9689
Point 845/2000 r = 0.9691
Point 846/2000 r = 0.9693
Point 847/2000 r = 0.9695
Point 848/2000 r = 0.9697
Point 849/2000 r = 0.9699
Point 850/2000 r = 0.9701
Point 851/2000 r = 0.9703
Point 852/2000 r = 0.9705
Point 853/2000 r = 0.9707
Point 854/2000 r = 0.9709
Point 855/2000 r = 0.9711
Point 856/2000 r = 0.9713
Point 857/2000 r = 0.9715
Point 858/2000 r = 0.9717
Point 859/2000 r = 0.9719
Point 860/2000 r = 0.9721
Point 861/2000 r = 0.9723
Point 862/2000 r = 0.9725
Point 863/2000 r = 0.9727
Point 864/2000 r = 0.9729
Point 865/2000 r = 0.9731
Point 866/2000 r = 0.9733
Point 867/2000 r = 0.9735
Point 868/2000 r = 0.9737
Point 869/2000 r = 0.9739
Point 870/2000 r = 0.9741
Point 871/2000 r = 0.9743
Point 872/2000 r = 0.9745
Point 873/2000 r = 0.9747
Point 874/2000 r = 0.9749
Point 875/2000 r = 0.9751
Point 876/2000 r = 0.9753
Point 877/2000 r = 0.9755
Point 878/2000 r = 0.9757
Point 879/2000 r = 0.9759
Point 880/2000 r = 0.9761
Point 881/2000 r = 0.9763
Point 882/2000 r = 0.9765
Point 883/2000 r = 0.9767
Point 884/2000 r = 0.9769
Point 885/2000 r = 0.9771
Point 886/2000 r = 0.9773
Point 887/2000 r = 0.9775
Point 888/2000 r = 0.9777
Point 889/2000 r = 0.9779
Point 890/2000 r = 0.9781
Point 891/2000 r = 0.9783
Point 892/2000 r = 0.9785
Point 893/2000 r = 0.9787
Point 894/2000 r = 0.9789
Point 895/2000 r = 0.9791
Point 896/2000 r = 0.9793
Point 897/2000 r = 0.9795
Point 898/2000 r = 0.9797
Point 899/2000 r = 0.9799
Point 900/2000 r = 0.9801
Point 901/2000 r = 0.9803
Point 902/2000 r = 0.9805
Point 903/2000 r = 0.9807
Point 904/2000 r = 0.9809
Point 905/2000 r = 0.9811
Point 906/2000 r = 0.9813
Point 907/2000 r = 0.9815
Point 908/2000 r = 0.9817
Point 909/2000 r = 0.9819
Point 910/2000 r = 0.9821
Point 911/2000 r = 0.9823
Point 912/2000 r = 0.9825
Point 913/2000 r = 0.9827
Point 914/2000 r = 0.9829
Point 915/2000 r = 0.9831
Point 916/2000 r = 0.9833
Point 917/2000 r = 0.9835
Point 918/2000 r = 0.9837
Point 919/2000 r = 0.9839
Point 920/2000 r = 0.9841
Point 921/2000 r = 0.9843
Point 922/2000 r = 0.9845
Point 923/2000 r = 0.9847
Point 924/2000 r = 0.9849
Point 925/2000 r = 0.9851
Point 926/2000 r = 0.9853
Point 927/2000 r = 0.9855
Point 928/2000 r = 0.9857
Point 929/2000 r = 0.9859
Point 930/2000 r = 0.9861
Point 931/2000 r = 0.9863
Point 932/2000 r = 0.9865
Point 933/2000 r = 0.9867
Point 934/2000 r = 0.9869
Point 935/2000 r = 0.9871
Point 936/2000 r = 0.9873
Point 937/2000 r = 0.9875
Point 938/2000 r = 0.9877
Point 939/2000 r = 0.9879
Point 940/2000 r = 0.9881
Point 941/2000 r = 0.9883
Point 942/2000 r = 0.9885
Point 943/2000 r = 0.9887
Point 944/2000 r = 0.9889
Point 945/2000 r = 0.9891
Point 946/2000 r = 0.9893
Point 947/2000 r = 0.9895
Point 948/2000 r = 0.9897
Point 949/2000 r = 0.9899
Point 950/2000 r = 0.9901
Point 951/2000 r = 0.9903
Point 952/2000 r = 0.9905
Point 953/2000 r = 0.9907
Point 954/2000 r = 0.9909
Point 955/2000 r = 0.9911
Point 956/2000 r = 0.9913
Point 957/2000 r = 0.9915
Point 958/2000 r = 0.9917
Point 959/2000 r = 0.9919
Point 960/2000 r = 0.9921
Point 961/2000 r = 0.9923
Point 962/2000 r = 0.9925
Point 963/2000 r = 0.9927
Point 964/2000 r = 0.9929
Point 965/2000 r = 0.9931
Point 966/2000 r = 0.9933
Point 967/2000 r = 0.9935
Point 968/2000 r = 0.9937
Point 969/2000 r = 0.9939
Point 970/2000 r = 0.9941
Point 971/2000 r = 0.9943
Point 972/2000 r = 0.9945
Point 973/2000 r = 0.9947
Point 974/2000 r = 0.9949
Point 975/2000 r = 0.9951
Point 976/2000 r = 0.9953
Point 977/2000 r = 0.9955
Point 978/2000 r = 0.9957
Point 979/2000 r = 0.9959
Point 980/2000 r = 0.9961
Point 981/2000 r = 0.9963
Point 982/2000 r = 0.9965
Point 983/2000 r = 0.9967
Point 984/2000 r = 0.9969
Point 985/2000 r = 0.9971
Point 986/2000 r = 0.9973
Point 987/2000 r = 0.9975
Point 988/2000 r = 0.9977
Point 989/2000 r = 0.9979
Point 990/2000 r = 0.9981
Point 991/2000 r = 0.9983
Point 992/2000 r = 0.9985
Point 993/2000 r = 0.9987
Point 994/2000 r = 0.9989
Point 995/2000 r = 0.9991
Point 996/2000 r = 0.9993
Point 997/2000 r = 0.9995
Point 998/2000 r = 0.9997
Point 999/2000 r = 0.9999
Point 1000/2000 r = 1.0001
Point 1001/2000 r = 1.0003
Point 1002/2000 r = 1.0005
Point 1003/2000 r = 1.0007
Point 1004/2000 r = 1.0009
Point 1005/2000 r = 1.0011
Point 1006/2000 r = 1.0013
Point 1007/2000 r = 1.0015
Point 1008/2000 r = 1.0017
Point 1009/2000 r = 1.0019
Point 1010/2000 r = 1.0021
Point 1011/2000 r = 1.0023
Point 1012/2000 r = 1.0025
Point 1013/2000 r = 1.0027
Point 1014/2000 r = 1.0029
Point 1015/2000 r = 1.0031
Point 1016/2000 r = 1.0033
Point 1017/2000 r = 1.0035
Point 1018/2000 r = 1.0037
Point 1019/2000 r = 1.0039
Point 1020/2000 r = 1.0041
Point 1021/2000 r = 1.0043
Point 1022/2000 r = 1.0045
Point 1023/2000 r = 1.0047
Point 1024/2000 r = 1.0049
Point 1025/2000 r = 1.0051
Point 1026/2000 r = 1.0053
Point 1027/2000 r = 1.0055
Point 1028/2000 r = 1.0057
Point 1029/2000 r = 1.0059
Point 1030/2000 r = 1.0061
Point 1031/2000 r = 1.0063
Point 1032/2000 r = 1.0065
Point 1033/2000 r = 1.0067
Point 1034/2000 r = 1.0069
Point 1035/2000 r = 1.0071
Point 1036/2000 r = 1.0073
Point 1037/2000 r = 1.0075
Point 1038/2000 r = 1.0077
Point 1039/2000 r = 1.0079
Point 1040/2000 r = 1.0081
Point 1041/2000 r = 1.0083
Point 1042/2000 r = 1.0085
Point 1043/2000 r = 1.0087
Point 1044/2000 r = 1.0089
Point 1045/2000 r = 1.0091
Point 1046/2000 r = 1.0093
Point 1047/2000 r = 1.0095
Point 1048/2000 r = 1.0097
Point 1049/2000 r = 1.0099
Point 1050/2000 r = 1.0101
Point 1051/2000 r = 1.0103
Point 1052/2000 r = 1.0105
Point 1053/2000 r = 1.0107
Point 1054/2000 r = 1.0109
Point 1055/2000 r = 1.0111
Point 1056/2000 r = 1.0113
Point 1057/2000 r = 1.0115
Point 1058/2000 r = 1.0117
Point 1059/2000 r = 1.0119
Point 1060/2000 r = 1.0121
Point 1061/2000 r = 1.0123
Point 1062/2000 r = 1.0125
Point 1063/2000 r = 1.0127
Point 1064/2000 r = 1.0129
Point 1065/2000 r = 1.0131
Point 1066/2000 r = 1.0133
Point 1067/2000 r = 1.0135
Point 1068/2000 r = 1.0137
Point 1069/2000 r = 1.0139
Point 1070/2000 r = 1.0141
Point 1071/2000 r = 1.0143
Point 1072/2000 r = 1.0145
Point 1073/2000 r = 1.0147
Point 1074/2000 r = 1.0149
Point 1075/2000 r = 1.0151
Point 1076/2000 r = 1.0153
Point 1077/2000 r = 1.0155
Point 1078/2000 r = 1.0157
Point 1079/2000 r = 1.0159
Point 1080/2000 r = 1.0161
Point 1081/2000 r = 1.0163
Point 1082/2000 r = 1.0165
Point 1083/2000 r = 1.0167
Point 1084/2000 r = 1.0169
Point 1085/2000 r = 1.0171
Point 1086/2000 r = 1.0173
Point 1087/2000 r = 1.0175
Point 1088/2000 r = 1.0177
Point 1089/2000 r = 1.0179
Point 1090/2000 r = 1.0181
Point 1091/2000 r = 1.0183
Point 1092/2000 r = 1.0185
Point 1093/2000 r = 1.0187
Point 1094/2000 r = 1.0189
Point 1095/2000 r = 1.0191
Point 1096/2000 r = 1.0193
Point 1097/2000 r = 1.0195
Point 1098/2000 r = 1.0197
Point 1099/2000 r = 1.0199
Point 1100/2000 r = 1.0201
Point 1101/2000 r = 1.0203
Point 1102/2000 r = 1.0205
Point 1103/2000 r = 1.0207
Point 1104/2000 r = 1.0209
Point 1105/2000 r = 1.0211
Point 1106/2000 r = 1.0213
Point 1107/2000 r = 1.0215
Point 1108/2000 r = 1.0217
Point 1109/2000 r = 1.0219
Point 1110/2000 r = 1.0221
Point 1111/2000 r = 1.0223
Point 1112/2000 r = 1.0225
Point 1113/2000 r = 1.0227
Point 1114/2000 r = 1.0229
Point 1115/2000 r = 1.0231
Point 1116/2000 r = 1.0233
Point 1117/2000 r = 1.0235
Point 1118/2000 r = 1.0237
Point 1119/2000 r = 1.0239
Point 1120/2000 r = 1.0241
Point 1121/2000 r = 1.0243
Point 1122/2000 r = 1.0245
Point 1123/2000 r = 1.0247
Point 1124/2000 r = 1.0249
Point 1125/2000 r = 1.0251
Point 1126/2000 r = 1.0253
Point 1127/2000 r = 1.0255
Point 1128/2000 r = 1.0257
Point 1129/2000 r = 1.0259
Point 1130/2000 r = 1.0261
Point 1131/2000 r = 1.0263
Point 1132/2000 r = 1.0265
Point 1133/2000 r = 1.0267
Point 1134/2000 r = 1.0269
Point 1135/2000 r = 1.0271
Point 1136/2000 r = 1.0273
Point 1137/2000 r = 1.0275
Point 1138/2000 r = 1.0277
Point 1139/2000 r = 1.0279
Point 1140/2000 r = 1.0281
Point 1141/2000 r = 1.0283
Point 1142/2000 r = 1.0285
Point 1143/2000 r = 1.0287
Point 1144/2000 r = 1.0289
Point 1145/2000 r = 1.0291
Point 1146/2000 r = 1.0293
Point 1147/2000 r = 1.0295
Point 1148/2000 r = 1.0297
Point 1149/2000 r = 1.0299
Point 1150/2000 r = 1.0301
Point 1151/2000 r = 1.0303
Point 1152/2000 r = 1.0305
Point 1153/2000 r = 1.0307
Point 1154/2000 r = 1.0309
Point 1155/2000 r = 1.0311
Point 1156/2000 r = 1.0313
Point 1157/2000 r = 1.0315
Point 1158/2000 r = 1.0317
Point 1159/2000 r = 1.0319
Point 1160/2000 r = 1.0321
Point 1161/2000 r = 1.0323
Point 1162/2000 r = 1.0325
Point 1163/2000 r = 1.0327
Point 1164/2000 r = 1.0329
Point 1165/2000 r = 1.0331
Point 1166/2000 r = 1.0333
Point 1167/2000 r = 1.0335
Point 1168/2000 r = 1.0337
Point 1169/2000 r = 1.0339
Point 1170/2000 r = 1.0341
Point 1171/2000 r = 1.0343
Point 1172/2000 r = 1.0345
Point 1173/2000 r = 1.0347
Point 1174/2000 r = 1.0349
Point 1175/2000 r = 1.0351
Point 1176/2000 r = 1.0353
Point 1177/2000 r = 1.0355
Point 1178/2000 r = 1.0357
Point 1179/2000 r = 1.0359
Point 1180/2000 r = 1.0361
Point 1181/2000 r = 1.0363
Point 1182/2000 r = 1.0365
Point 1183/2000 r = 1.0367
Point 1184/2000 r = 1.0369
Point 1185/2000 r = 1.0371
Point 1186/2000 r = 1.0373
Point 1187/2000 r = 1.0375
Point 1188/2000 r = 1.0377
Point 1189/2000 r = 1.0379
Point 1190/2000 r = 1.0381
Point 1191/2000 r = 1.0383
Point 1192/2000 r = 1.0385
Point 1193/2000 r = 1.0387
Point 1194/2000 r = 1.0389
Point 1195/2000 r = 1.0391
Point 1196/2000 r = 1.0393
Point 1197/2000 r = 1.0395
Point 1198/2000 r = 1.0397
Point 1199/2000 r = 1.0399
Point 1200/2000 r = 1.0401
Point 1201/2000 r = 1.0403
Point 1202/2000 r = 1.0405
Point 1203/2000 r = 1.0407
Point 1204/2000 r = 1.0409
Point 1205/2000 r = 1.0411
Point 1206/2000 r = 1.0413
Point 1207/2000 r = 1.0415
Point 1208/2000 r = 1.0417
Point 1209/2000 r = 1.0419
Point 1210/2000 r = 1.0421
Point 1211/2000 r = 1.0423
Point 1212/2000 r = 1.0425
Point 1213/2000 r = 1.0427
Point 1214/2000 r = 1.0429
Point 1215/2000 r = 1.0431
Point 1216/2000 r = 1.0433
Point 1217/2000 r = 1.0435
Point 1218/2000 r = 1.0437
Point 1219/2000 r = 1.0439
Point 1220/2000 r = 1.0441
Point 1221/2000 r = 1.0443
Point 1222/2000 r = 1.0445
Point 1223/2000 r = 1.0447
Point 1224/2000 r = 1.0449
Point 1225/2000 r = 1.0451
Point 1226/2000 r = 1.0453
Point 1227/2000 r = 1.0455
Point 1228/2000 r = 1.0457
Point 1229/2000 r = 1.0459
Point 1230/2000 r = 1.0461
Point 1231/2000 r = 1.0463
Point 1232/2000 r = 1.0465
Point 1233/2000 r = 1.0467
Point 1234/2000 r = 1.0469
Point 1235/2000 r = 1.0471
Point 1236/2000 r = 1.0473
Point 1237/2000 r = 1.0475
Point 1238/2000 r = 1.0477
Point 1239/2000 r = 1.0479
Point 1240/2000 r = 1.0481
Point 1241/2000 r = 1.0483
Point 1242/2000 r = 1.0485
Point 1243/2000 r = 1.0487
Point 1244/2000 r = 1.0489
Point 1245/2000 r = 1.0491
Point 1246/2000 r = 1.0493
Point 1247/2000 r = 1.0495
Point 1248/2000 r = 1.0497
Point 1249/2000 r = 1.0499
Point 1250/2000 r = 1.0501
Point 1251/2000 r = 1.0503
Point 1252/2000 r = 1.0505
Point 1253/2000 r = 1.0507
Point 1254/2000 r = 1.0509
Point 1255/2000 r = 1.0511
Point 1256/2000 r = 1.0513
Point 1257/2000 r = 1.0515
Point 1258/2000 r = 1.0517
Point 1259/2000 r = 1.0519
Point 1260/2000 r = 1.0521
Point 1261/2000 r = 1.0523
Point 1262/2000 r = 1.0525
Point 1263/2000 r = 1.0527
Point 1264/2000 r = 1.0529
Point 1265/2000 r = 1.0531
Point 1266/2000 r = 1.0533
Point 1267/2000 r = 1.0535
Point 1268/2000 r = 1.0537
Point 1269/2000 r = 1.0539
Point 1270/2000 r = 1.0541
Point 1271/2000 r = 1.0543
Point 1272/2000 r = 1.0545
Point 1273/2000 r = 1.0547
Point 1274/2000 r = 1.0549
Point 1275/2000 r = 1.0551
Point 1276/2000 r = 1.0553
Point 1277/2000 r = 1.0555
Point 1278/2000 r = 1.0557
Point 1279/2000 r = 1.0559
Point 1280/2000 r = 1.0561
Point 1281/2000 r = 1.0563
Point 1282/2000 r = 1.0565
Point 1283/2000 r = 1.0567
Point 1284/2000 r = 1.0569
Point 1285/2000 r = 1.0571
Point 1286/2000 r = 1.0573
Point 1287/2000 r = 1.0575
Point 1288/2000 r = 1.0577
Point 1289/2000 r = 1.0579
Point 1290/2000 r = 1.0581
Point 1291/2000 r = 1.0583
Point 1292/2000 r = 1.0585
Point 1293/2000 r = 1.0587
Point 1294/2000 r = 1.0589
Point 1295/2000 r = 1.0591
Point 1296/2000 r = 1.0593
Point 1297/2000 r = 1.0595
Point 1298/2000 r = 1.0597
Point 1299/2000 r = 1.0599
Point 1300/2000 r = 1.0601
Point 1301/2000 r = 1.0603
Point 1302/2000 r = 1.0605
Point 1303/2000 r = 1.0607
Point 1304/2000 r = 1.0609
Point 1305/2000 r = 1.0611
Point 1306/2000 r = 1.0613
Point 1307/2000 r = 1.0615
Point 1308/2000 r = 1.0617
Point 1309/2000 r = 1.0619
Point 1310/2000 r = 1.0621
Point 1311/2000 r = 1.0623
Point 1312/2000 r = 1.0625
Point 1313/2000 r = 1.0627
Point 1314/2000 r = 1.0629
Point 1315/2000 r = 1.0631
Point 1316/2000 r = 1.0633
Point 1317/2000 r = 1.0635
Point 1318/2000 r = 1.0637
Point 1319/2000 r = 1.0639
Point 1320/2000 r = 1.0641
Point 1321/2000 r = 1.0643
Point 1322/2000 r = 1.0645
Point 1323/2000 r = 1.0647
Point 1324/2000 r = 1.0649
Point 1325/2000 r = 1.0651
Point 1326/2000 r = 1.0653
Point 1327/2000 r = 1.0655
Point 1328/2000 r = 1.0657
Point 1329/2000 r = 1.0659
Point 1330/2000 r = 1.0661
Point 1331/2000 r = 1.0663
Point 1332/2000 r = 1.0665
Point 1333/2000 r = 1.0667
Point 1334/2000 r = 1.0669
Point 1335/2000 r = 1.0671
Point 1336/2000 r = 1.0673
Point 1337/2000 r = 1.0675
Point 1338/2000 r = 1.0677
Point 1339/2000 r = 1.0679
Point 1340/2000 r = 1.0681
Point 1341/2000 r = 1.0683
Point 1342/2000 r = 1.0685
Point 1343/2000 r = 1.0687
Point 1344/2000 r = 1.0689
Point 1345/2000 r = 1.0691
Point 1346/2000 r = 1.0693
Point 1347/2000 r = 1.0695
Point 1348/2000 r = 1.0697
Point 1349/2000 r = 1.0699
Point 1350/2000 r = 1.0701
Point 1351/2000 r = 1.0703
Point 1352/2000 r = 1.0705
Point 1353/2000 r = 1.0707
Point 1354/2000 r = 1.0709
Point 1355/2000 r = 1.0711
Point 1356/2000 r = 1.0713
Point 1357/2000 r = 1.0715
Point 1358/2000 r = 1.0717
Point 1359/2000 r = 1.0719
Point 1360/2000 r = 1.0721
Point 1361/2000 r = 1.0723
Point 1362/2000 r = 1.0725
Point 1363/2000 r = 1.0727
Point 1364/2000 r = 1.0729
Point 1365/2000 r = 1.0731
Point 1366/2000 r = 1.0733
Point 1367/2000 r = 1.0735
Point 1368/2000 r = 1.0737
Point 1369/2000 r = 1.0739
Point 1370/2000 r = 1.0741
Point 1371/2000 r = 1.0743
Point 1372/2000 r = 1.0745
Point 1373/2000 r = 1.0747
Point 1374/2000 r = 1.0749
Point 1375/2000 r = 1.0751
Point 1376/2000 r = 1.0753
Point 1377/2000 r = 1.0755
Point 1378/2000 r = 1.0757
Point 1379/2000 r = 1.0759
Point 1380/2000 r = 1.0761
Point 1381/2000 r = 1.0763
Point 1382/2000 r = 1.0765
Point 1383/2000 r = 1.0767
Point 1384/2000 r = 1.0769
Point 1385/2000 r = 1.0771
Point 1386/2000 r = 1.0773
Point 1387/2000 r = 1.0775
Point 1388/2000 r = 1.0777
Point 1389/2000 r = 1.0779
Point 1390/2000 r = 1.0781
Point 1391/2000 r = 1.0783
Point 1392/2000 r = 1.0785
Point 1393/2000 r = 1.0787
Point 1394/2000 r = 1.0789
Point 1395/2000 r = 1.0791
Point 1396/2000 r = 1.0793
Point 1397/2000 r = 1.0795
Point 1398/2000 r = 1.0797
Point 1399/2000 r = 1.0799
Point 1400/2000 r = 1.0801
Point 1401/2000 r = 1.0803
Point 1402/2000 r = 1.0805
Point 1403/2000 r = 1.0807
Point 1404/2000 r = 1.0809
Point 1405/2000 r = 1.0811
Point 1406/2000 r = 1.0813
Point 1407/2000 r = 1.0815
Point 1408/2000 r = 1.0817
Point 1409/2000 r = 1.0819
Point 1410/2000 r = 1.0821
Point 1411/2000 r = 1.0823
Point 1412/2000 r = 1.0825
Point 1413/2000 r = 1.0827
Point 1414/2000 r = 1.0829
Point 1415/2000 r = 1.0831
Point 1416/2000 r = 1.0833
Point 1417/2000 r = 1.0835
Point 1418/2000 r = 1.0837
Point 1419/2000 r = 1.0839
Point 1420/2000 r = 1.0841
Point 1421/2000 r = 1.0843
Point 1422/2000 r = 1.0845
Point 1423/2000 r = 1.0847
Point 1424/2000 r = 1.0849
Point 1425/2000 r = 1.0851
Point 1426/2000 r = 1.0853
Point 1427/2000 r = 1.0855
Point 1428/2000 r = 1.0857
Point 1429/2000 r = 1.0859
Point 1430/2000 r = 1.0861
Point 1431/2000 r = 1.0863
Point 1432/2000 r = 1.0865
Point 1433/2000 r = 1.0867
Point 1434/2000 r = 1.0869
Point 1435/2000 r = 1.0871
Point 1436/2000 r = 1.0873
Point 1437/2000 r = 1.0875
Point 1438/2000 r = 1.0877
Point 1439/2000 r = 1.0879
Point 1440/2000 r = 1.0881
Point 1441/2000 r = 1.0883
Point 1442/2000 r = 1.0885
Point 1443/2000 r = 1.0887
Point 1444/2000 r = 1.0889
Point 1445/2000 r = 1.0891
Point 1446/2000 r = 1.0893
Point 1447/2000 r = 1.0895
Point 1448/2000 r = 1.0897
Point 1449/2000 r = 1.0899
Point 1450/2000 r = 1.0901
Point 1451/2000 r = 1.0903
Point 1452/2000 r = 1.0905
Point 1453/2000 r = 1.0907
Point 1454/2000 r = 1.0909
Point 1455/2000 r = 1.0911
Point 1456/2000 r = 1.0913
Point 1457/2000 r = 1.0915
Point 1458/2000 r = 1.0917
Point 1459/2000 r = 1.0919
Point 1460/2000 r = 1.0921
Point 1461/2000 r = 1.0923
Point 1462/2000 r = 1.0925
Point 1463/2000 r = 1.0927
Point 1464/2000 r = 1.0929
Point 1465/2000 r = 1.0931
Point 1466/2000 r = 1.0933
Point 1467/2000 r = 1.0935
Point 1468/2000 r = 1.0937
Point 1469/2000 r = 1.0939
Point 1470/2000 r = 1.0941
Point 1471/2000 r = 1.0943
Point 1472/2000 r = 1.0945
Point 1473/2000 r = 1.0947
Point 1474/2000 r = 1.0949
Point 1475/2000 r = 1.0951
Point 1476/2000 r = 1.0953
Point 1477/2000 r = 1.0955
Point 1478/2000 r = 1.0957
Point 1479/2000 r = 1.0959
Point 1480/2000 r = 1.0961
Point 1481/2000 r = 1.0963
Point 1482/2000 r = 1.0965
Point 1483/2000 r = 1.0967
Point 1484/2000 r = 1.0969
Point 1485/2000 r = 1.0971
Point 1486/2000 r = 1.0973
Point 1487/2000 r = 1.0975
Point 1488/2000 r = 1.0977
Point 1489/2000 r = 1.0979
Point 1490/2000 r = 1.0981
Point 1491/2000 r = 1.0983
Point 1492/2000 r = 1.0985
Point 1493/2000 r = 1.0987
Point 1494/2000 r = 1.0989
Point 1495/2000 r = 1.0991
Point 1496/2000 r = 1.0993
Point 1497/2000 r = 1.0995
Point 1498/2000 r = 1.0997
Point 1499/2000 r = 1.0999
Point 1500/2000 r = 1.1001
Point 1501/2000 r = 1.1003
Point 1502/2000 r = 1.1005
Point 1503/2000 r = 1.1007
Point 1504/2000 r = 1.1009
Point 1505/2000 r = 1.1011
Point 1506/2000 r = 1.1013
Point 1507/2000 r = 1.1015
Point 1508/2000 r = 1.1017
Point 1509/2000 r = 1.1019
Point 1510/2000 r = 1.1021
Point 1511/2000 r = 1.1023
Point 1512/2000 r = 1.1025
Point 1513/2000 r = 1.1027
Point 1514/2000 r = 1.1029
Point 1515/2000 r = 1.1031
Point 1516/2000 r = 1.1033
Point 1517/2000 r = 1.1035
Point 1518/2000 r = 1.1037
Point 1519/2000 r = 1.1039
Point 1520/2000 r = 1.1041
Point 1521/2000 r = 1.1043
Point 1522/2000 r = 1.1045
Point 1523/2000 r = 1.1047
Point 1524/2000 r = 1.1049
Point 1525/2000 r = 1.1051
Point 1526/2000 r = 1.1053
Point 1527/2000 r = 1.1055
Point 1528/2000 r = 1.1057
Point 1529/2000 r = 1.1059
Point 1530/2000 r = 1.1061
Point 1531/2000 r = 1.1063
Point 1532/2000 r = 1.1065
Point 1533/2000 r = 1.1067
Point 1534/2000 r = 1.1069
Point 1535/2000 r = 1.1071
Point 1536/2000 r = 1.1073
Point 1537/2000 r = 1.1075
Point 1538/2000 r = 1.1077
Point 1539/2000 r = 1.1079
Point 1540/2000 r = 1.1081
Point 1541/2000 r = 1.1083
Point 1542/2000 r = 1.1085
Point 1543/2000 r = 1.1087
Point 1544/2000 r = 1.1089
Point 1545/2000 r = 1.1091
Point 1546/2000 r = 1.1093
Point 1547/2000 r = 1.1095
Point 1548/2000 r = 1.1097
Point 1549/2000 r = 1.1099
Point 1550/2000 r = 1.1101
Point 1551/2000 r = 1.1103
Point 1552/2000 r = 1.1105
Point 1553/2000 r = 1.1107
Point 1554/2000 r = 1.1109
Point 1555/2000 r = 1.1111
Point 1556/2000 r = 1.1113
Point 1557/2000 r = 1.1115
Point 1558/2000 r = 1.1117
Point 1559/2000 r = 1.1119
Point 1560/2000 r = 1.1121
Point 1561/2000 r = 1.1123
Point 1562/2000 r = 1.1125
Point 1563/2000 r = 1.1127
Point 1564/2000 r = 1.1129
Point 1565/2000 r = 1.1131
Point 1566/2000 r = 1.1133
Point 1567/2000 r = 1.1135
Point 1568/2000 r = 1.1137
Point 1569/2000 r = 1.1139
Point 1570/2000 r = 1.1141
Point 1571/2000 r = 1.1143
Point 1572/2000 r = 1.1145
Point 1573/2000 r = 1.1147
Point 1574/2000 r = 1.1149
Point 1575/2000 r = 1.1151
Point 1576/2000 r = 1.1153
Point 1577/2000 r = 1.1155
Point 1578/2000 r = 1.1157
Point 1579/2000 r = 1.1159
Point 1580/2000 r = 1.1161
Point 1581/2000 r = 1.1163
Point 1582/2000 r = 1.1165
Point 1583/2000 r = 1.1167
Point 1584/2000 r = 1.1169
Point 1585/2000 r = 1.1171
Point 1586/2000 r = 1.1173
Point 1587/2000 r = 1.1175
Point 1588/2000 r = 1.1177
Point 1589/2000 r = 1.1179
Point 1590/2000 r = 1.1181
Point 1591/2000 r = 1.1183
Point 1592/2000 r = 1.1185
Point 1593/2000 r = 1.1187
Point 1594/2000 r = 1.1189
Point 1595/2000 r = 1.1191
Point 1596/2000 r = 1.1193
Point 1597/2000 r = 1.1195
Point 1598/2000 r = 1.1197
Point 1599/2000 r = 1.1199
Point 1600/2000 r = 1.1201
Point 1601/2000 r = 1.1203
Point 1602/2000 r = 1.1205
Point 1603/2000 r = 1.1207
Point 1604/2000 r = 1.1209
Point 1605/2000 r = 1.1211
Point 1606/2000 r = 1.1213
Point 1607/2000 r = 1.1215
Point 1608/2000 r = 1.1217
Point 1609/2000 r = 1.1219
Point 1610/2000 r = 1.1221
Point 1611/2000 r = 1.1223
Point 1612/2000 r = 1.1225
Point 1613/2000 r = 1.1227
Point 1614/2000 r = 1.1229
Point 1615/2000 r = 1.1231
Point 1616/2000 r = 1.1233
Point 1617/2000 r = 1.1235
Point 1618/2000 r = 1.1237
Point 1619/2000 r = 1.1239
Point 1620/2000 r = 1.1241
Point 1621/2000 r = 1.1243
Point 1622/2000 r = 1.1245
Point 1623/2000 r = 1.1247
Point 1624/2000 r = 1.1249
Point 1625/2000 r = 1.1251
Point 1626/2000 r = 1.1253
Point 1627/2000 r = 1.1255
Point 1628/2000 r = 1.1257
Point 1629/2000 r = 1.1259
Point 1630/2000 r = 1.1261
Point 1631/2000 r = 1.1263
Point 1632/2000 r = 1.1265
Point 1633/2000 r = 1.1267
Point 1634/2000 r = 1.1269
Point 1635/2000 r = 1.1271
Point 1636/2000 r = 1.1273
Point 1637/2000 r = 1.1275
Point 1638/2000 r = 1.1277
Point 1639/2000 r = 1.1279
Point 1640/2000 r = 1.1281
Point 1641/2000 r = 1.1283
Point 1642/2000 r = 1.1285
Point 1643/2000 r = 1.1287
Point 1644/2000 r = 1.1289
Point 1645/2000 r = 1.1291
Point 1646/2000 r = 1.1293
Point 1647/2000 r = 1.1295
Point 1648/2000 r = 1.1297
Point 1649/2000 r = 1.1299
Point 1650/2000 r = 1.1301
Point 1651/2000 r = 1.1303
Point 1652/2000 r = 1.1305
Point 1653/2000 r = 1.1307
Point 1654/2000 r = 1.1309
Point 1655/2000 r = 1.1311
Point 1656/2000 r = 1.1313
Point 1657/2000 r = 1.1315
Point 1658/2000 r = 1.1317
Point 1659/2000 r = 1.1319
Point 1660/2000 r = 1.1321
Point 1661/2000 r = 1.1323
Point 1662/2000 r = 1.1325
Point 1663/2000 r = 1.1327
Point 1664/2000 r = 1.1329
Point 1665/2000 r = 1.1331
Point 1666/2000 r = 1.1333
Point 1667/2000 r = 1.1335
Point 1668/2000 r = 1.1337
Point 1669/2000 r = 1.1339
Point 1670/2000 r = 1.1341
Point 1671/2000 r = 1.1343
Point 1672/2000 r = 1.1345
Point 1673/2000 r = 1.1347
Point 1674/2000 r = 1.1349
Point 1675/2000 r = 1.1351
Point 1676/2000 r = 1.1353
Point 1677/2000 r = 1.1355
Point 1678/2000 r = 1.1357
Point 1679/2000 r = 1.1359
Point 1680/2000 r = 1.1361
Point 1681/2000 r = 1.1363
Point 1682/2000 r = 1.1365
Point 1683/2000 r = 1.1367
Point 1684/2000 r = 1.1369
Point 1685/2000 r = 1.1371
Point 1686/2000 r = 1.1373
Point 1687/2000 r = 1.1375
Point 1688/2000 r = 1.1377
Point 1689/2000 r = 1.1379
Point 1690/2000 r = 1.1381
Point 1691/2000 r = 1.1383
Point 1692/2000 r = 1.1385
Point 1693/2000 r = 1.1387
Point 1694/2000 r = 1.1389
Point 1695/2000 r = 1.1391
Point 1696/2000 r = 1.1393
Point 1697/2000 r = 1.1395
Point 1698/2000 r = 1.1397
Point 1699/2000 r = 1.1399
Point 1700/2000 r = 1.1401
Point 1701/2000 r = 1.1403
Point 1702/2000 r = 1.1405
Point 1703/2000 r = 1.1407
Point 1704/2000 r = 1.1409
Point 1705/2000 r = 1.1411
Point 1706/2000 r = 1.1413
Point 1707/2000 r = 1.1415
Point 1708/2000 r = 1.1417
Point 1709/2000 r = 1.1419
Point 1710/2000 r = 1.1421
Point 1711/2000 r = 1.1423
Point 1712/2000 r = 1.1425
Point 1713/2000 r = 1.1427
Point 1714/2000 r = 1.1429
Point 1715/2000 r = 1.1431
Point 1716/2000 r = 1.1433
Point 1717/2000 r = 1.1435
Point 1718/2000 r = 1.1437
Point 1719/2000 r = 1.1439
Point 1720/2000 r = 1.1441
Point 1721/2000 r = 1.1443
Point 1722/2000 r = 1.1445
Point 1723/2000 r = 1.1447
Point 1724/2000 r = 1.1449
Point 1725/2000 r = 1.1451
Point 1726/2000 r = 1.1453
Point 1727/2000 r = 1.1455
Point 1728/2000 r = 1.1457
Point 1729/2000 r = 1.1459
Point 1730/2000 r = 1.1461
Point 1731/2000 r = 1.1463
Point 1732/2000 r = 1.1465
Point 1733/2000 r = 1.1467
Point 1734/2000 r = 1.1469
Point 1735/2000 r = 1.1471
Point 1736/2000 r = 1.1473
Point 1737/2000 r = 1.1475
Point 1738/2000 r = 1.1477
Point 1739/2000 r = 1.1479
Point 1740/2000 r = 1.1481
Point 1741/2000 r = 1.1483
Point 1742/2000 r = 1.1485
Point 1743/2000 r = 1.1487
Point 1744/2000 r = 1.1489
Point 1745/2000 r = 1.1491
Point 1746/2000 r = 1.1493
Point 1747/2000 r = 1.1495
Point 1748/2000 r = 1.1497
Point 1749/2000 r = 1.1499
Point 1750/2000 r = 1.1501
Point 1751/2000 r = 1.1503
Point 1752/2000 r = 1.1505
Point 1753/2000 r = 1.1507
Point 1754/2000 r = 1.1509
Point 1755/2000 r = 1.1511
Point 1756/2000 r = 1.1513
Point 1757/2000 r = 1.1515
Point 1758/2000 r = 1.1517
Point 1759/2000 r = 1.1519
Point 1760/2000 r = 1.1521
Point 1761/2000 r = 1.1523
Point 1762/2000 r = 1.1525
Point 1763/2000 r = 1.1527
Point 1764/2000 r = 1.1529
Point 1765/2000 r = 1.1531
Point 1766/2000 r = 1.1533
Point 1767/2000 r = 1.1535
Point 1768/2000 r = 1.1537
Point 1769/2000 r = 1.1539
Point 1770/2000 r = 1.1541
Point 1771/2000 r = 1.1543
Point 1772/2000 r = 1.1545
Point 1773/2000 r = 1.1547
Point 1774/2000 r = 1.1549
Point 1775/2000 r = 1.1551
Point 1776/2000 r = 1.1553
Point 1777/2000 r = 1.1555
Point 1778/2000 r = 1.1557
Point 1779/2000 r = 1.1559
Point 1780/2000 r = 1.1561
Point 1781/2000 r = 1.1563
Point 1782/2000 r = 1.1565
Point 1783/2000 r = 1.1567
Point 1784/2000 r = 1.1569
Point 1785/2000 r = 1.1571
Point 1786/2000 r = 1.1573
Point 1787/2000 r = 1.1575
Point 1788/2000 r = 1.1577
Point 1789/2000 r = 1.1579
Point 1790/2000 r = 1.1581
Point 1791/2000 r = 1.1583
Point 1792/2000 r = 1.1585
Point 1793/2000 r = 1.1587
Point 1794/2000 r = 1.1589
Point 1795/2000 r = 1.1591
Point 1796/2000 r = 1.1593
Point 1797/2000 r = 1.1595
Point 1798/2000 r = 1.1597
Point 1799/2000 r = 1.1599
Point 1800/2000 r = 1.1601
Point 1801/2000 r = 1.1603
Point 1802/2000 r = 1.1605
Point 1803/2000 r = 1.1607
Point 1804/2000 r = 1.1609
Point 1805/2000 r = 1.1611
Point 1806/2000 r = 1.1613
Point 1807/2000 r = 1.1615
Point 1808/2000 r = 1.1617
Point 1809/2000 r = 1.1619
Point 1810/2000 r = 1.1621
Point 1811/2000 r = 1.1623
Point 1812/2000 r = 1.1625
Point 1813/2000 r = 1.1627
Point 1814/2000 r = 1.1629
Point 1815/2000 r = 1.1631
Point 1816/2000 r = 1.1633
Point 1817/2000 r = 1.1635
Point 1818/2000 r = 1.1637
Point 1819/2000 r = 1.1639
Point 1820/2000 r = 1.1641
Point 1821/2000 r = 1.1643
Point 1822/2000 r = 1.1645
Point 1823/2000 r = 1.1647
Point 1824/2000 r = 1.1649
Point 1825/2000 r = 1.1651
Point 1826/2000 r = 1.1653
Point 1827/2000 r = 1.1655
Point 1828/2000 r = 1.1657
Point 1829/2000 r = 1.1659
Point 1830/2000 r = 1.1661
Point 1831/2000 r = 1.1663
Point 1832/2000 r = 1.1665
Point 1833/2000 r = 1.1667
Point 1834/2000 r = 1.1669
Point 1835/2000 r = 1.1671
Point 1836/2000 r = 1.1673
Point 1837/2000 r = 1.1675
Point 1838/2000 r = 1.1677
Point 1839/2000 r = 1.1679
Point 1840/2000 r = 1.1681
Point 1841/2000 r = 1.1683
Point 1842/2000 r = 1.1685
Point 1843/2000 r = 1.1687
Point 1844/2000 r = 1.1689
Point 1845/2000 r = 1.1691
Point 1846/2000 r = 1.1693
Point 1847/2000 r = 1.1695
Point 1848/2000 r = 1.1697
Point 1849/2000 r = 1.1699
Point 1850/2000 r = 1.1701
Point 1851/2000 r = 1.1703
Point 1852/2000 r = 1.1705
Point 1853/2000 r = 1.1707
Point 1854/2000 r = 1.1709
Point 1855/2000 r = 1.1711
Point 1856/2000 r = 1.1713
Point 1857/2000 r = 1.1715
Point 1858/2000 r = 1.1717
Point 1859/2000 r = 1.1719
Point 1860/2000 r = 1.1721
Point 1861/2000 r = 1.1723
Point 1862/2000 r = 1.1725
Point 1863/2000 r = 1.1727
Point 1864/2000 r = 1.1729
Point 1865/2000 r = 1.1731
Point 1866/2000 r = 1.1733
Point 1867/2000 r = 1.1735
Point 1868/2000 r = 1.1737
Point 1869/2000 r = 1.1739
Point 1870/2000 r = 1.1741
Point 1871/2000 r = 1.1743
Point 1872/2000 r = 1.1745
Point 1873/2000 r = 1.1747
Point 1874/2000 r = 1.1749
Point 1875/2000 r = 1.1751
Point 1876/2000 r = 1.1753
Point 1877/2000 r = 1.1755
Point 1878/2000 r = 1.1757
Point 1879/2000 r = 1.1759
Point 1880/2000 r = 1.1761
Point 1881/2000 r = 1.1763
Point 1882/2000 r = 1.1765
Point 1883/2000 r = 1.1767
Point 1884/2000 r = 1.1769
Point 1885/2000 r = 1.1771
Point 1886/2000 r = 1.1773
Point 1887/2000 r = 1.1775
Point 1888/2000 r = 1.1777
Point 1889/2000 r = 1.1779
Point 1890/2000 r = 1.1781
Point 1891/2000 r = 1.1783
Point 1892/2000 r = 1.1785
Point 1893/2000 r = 1.1787
Point 1894/2000 r = 1.1789
Point 1895/2000 r = 1.1791
Point 1896/2000 r = 1.1793
Point 1897/2000 r = 1.1795
Point 1898/2000 r = 1.1797
Point 1899/2000 r = 1.1799
Point 1900/2000 r = 1.1801
Point 1901/2000 r = 1.1803
Point 1902/2000 r = 1.1805
Point 1903/2000 r = 1.1807
Point 1904/2000 r = 1.1809
Point 1905/2000 r = 1.1811
Point 1906/2000 r = 1.1813
Point 1907/2000 r = 1.1815
Point 1908/2000 r = 1.1817
Point 1909/2000 r = 1.1819
Point 1910/2000 r = 1.1821
Point 1911/2000 r = 1.1823
Point 1912/2000 r = 1.1825
Point 1913/2000 r = 1.1827
Point 1914/2000 r = 1.1829
Point 1915/2000 r = 1.1831
Point 1916/2000 r = 1.1833
Point 1917/2000 r = 1.1835
Point 1918/2000 r = 1.1837
Point 1919/2000 r = 1.1839
Point 1920/2000 r = 1.1841
Point 1921/2000 r = 1.1843
Point 1922/2000 r = 1.1845
Point 1923/2000 r = 1.1847
Point 1924/2000 r = 1.1849
Point 1925/2000 r = 1.1851
Point 1926/2000 r = 1.1853
Point 1927/2000 r = 1.1855
Point 1928/2000 r = 1.1857
Point 1929/2000 r = 1.1859
Point 1930/2000 r = 1.1861
Point 1931/2000 r = 1.1863
Point 1932/2000 r = 1.1865
Point 1933/2000 r = 1.1867
Point 1934/2000 r = 1.1869
Point 1935/2000 r = 1.1871
Point 1936/2000 r = 1.1873
Point 1937/2000 r = 1.1875
Point 1938/2000 r = 1.1877
Point 1939/2000 r = 1.1879
Point 1940/2000 r = 1.1881
Point 1941/2000 r = 1.1883
Point 1942/2000 r = 1.1885
Point 1943/2000 r = 1.1887
Point 1944/2000 r = 1.1889
Point 1945/2000 r = 1.1891
Point 1946/2000 r = 1.1893
Point 1947/2000 r = 1.1895
Point 1948/2000 r = 1.1897
Point 1949/2000 r = 1.1899
Point 1950/2000 r = 1.1901
Point 1951/2000 r = 1.1903
Point 1952/2000 r = 1.1905
Point 1953/2000 r = 1.1907
Point 1954/2000 r = 1.1909
Point 1955/2000 r = 1.1911
Point 1956/2000 r = 1.1913
Point 1957/2000 r = 1.1915
Point 1958/2000 r = 1.1917
Point 1959/2000 r = 1.1919
Point 1960/2000 r = 1.1921
Point 1961/2000 r = 1.1923
Point 1962/2000 r = 1.1925
Point 1963/2000 r = 1.1927
Point 1964/2000 r = 1.1929
Point 1965/2000 r = 1.1931
Point 1966/2000 r = 1.1933
Point 1967/2000 r = 1.1935
Point 1968/2000 r = 1.1937
Point 1969/2000 r = 1.1939
Point 1970/2000 r = 1.1941
Point 1971/2000 r = 1.1943
Point 1972/2000 r = 1.1945
Point 1973/2000 r = 1.1947
Point 1974/2000 r = 1.1949
Point 1975/2000 r = 1.1951
Point 1976/2000 r = 1.1953
Point 1977/2000 r = 1.1955
Point 1978/2000 r = 1.1957
Point 1979/2000 r = 1.1959
Point 1980/2000 r = 1.1961
Point 1981/2000 r = 1.1963
Point 1982/2000 r = 1.1965
Point 1983/2000 r = 1.1967
Point 1984/2000 r = 1.1969
Point 1985/2000 r = 1.1971
Point 1986/2000 r = 1.1973
Point 1987/2000 r = 1.1975
Point 1988/2000 r = 1.1977
Point 1989/2000 r = 1.1979
Point 1990/2000 r = 1.1981
Point 1991/2000 r = 1.1983
Point 1992/2000 r = 1.1985
Point 1993/2000 r = 1.1987
Point 1994/2000 r = 1.1989
Point 1995/2000 r = 1.1991
Point 1996/2000 r = 1.1993
Point 1997/2000 r = 1.1995
Point 1998/2000 r = 1.1997
Point 1999/2000 r = 1.1999
Done in 0.00 min (cpu), 0.00 min (real)
