Have POIs: ['r']
 <<< Combine >>> 
>>> random number generator seed is 123456
   Options for Robust Minimizer :: 
        Tolerance  0.1
        Strategy   0
        Type,Algo  Minuit2,Migrad
>>> method used is MultiDimFit
Set Default Value of Parameter mask_Muons To : 1
Dataset data_obs not found.
>>> 1 out of 2 channels masked

SimNLL created with 2 channels, 0 generic constraints, 30 fast gaussian constraints, 0 fast poisson constraints, 0 fast group constraints, 

 --- MultiDimFit ---
best fit parameter values and profile-likelihood uncertainties: 
   r :    +1.000   -0.205/+0.230 (68%)
Done in 0.01 min (cpu), 0.01 min (real)
>> combine -M MultiDimFit -n _initialFit_Test --algo singles --redefineSignalPOIs r --robustFit 1 -t -1 --expectSignal=1 -m 125 -d Electrons/datacard/workspace.root --setParameters mask_Muons=1
Have POIs: ['r']
Have parameters: 30
Setting parameter mask_Muons to 1
 <<< Combine >>> 
>>> random number generator seed is 123456
   Options for Robust Minimizer :: 
        Tolerance  0.1
        Strategy   0
        Type,Algo  Minuit2,Migrad
>>> method used is MultiDimFit
 <<< Combine >>> 
>>> random number generator seed is 123456
   Options for Robust Minimizer :: 
        Tolerance  0.1
        Strategy   0
        Type,Algo  Minuit2,Migrad
>>> method used is MultiDimFit
 <<< Combine >>> 
>>> random number generator seed is 123456
   Options for Robust Minimizer :: 
        Tolerance  0.1
        Strategy   0
        Type,Algo  Minuit2,Migrad
>>> method used is MultiDimFit
 <<< Combine >>> 
>>> random number generator seed is 123456
   Options for Robust Minimizer :: 
        Tolerance  0.1
        Strategy   0
        Type,Algo  Minuit2,Migrad
>>> method used is MultiDimFit
 <<< Combine >>> 
>>> random number generator seed is 123456
   Options for Robust Minimizer :: 
        Tolerance  0.1
        Strategy   0
        Type,Algo  Minuit2,Migrad
>>> method used is MultiDimFit
 <<< Combine >>> 
>>> random number generator seed is 123456
   Options for Robust Minimizer :: 
        Tolerance  0.1
        Strategy   0
        Type,Algo  Minuit2,Migrad
>>> method used is MultiDimFit
 <<< Combine >>> 
>>> random number generator seed is 123456
   Options for Robust Minimizer :: 
        Tolerance  0.1
        Strategy   0
        Type,Algo  Minuit2,Migrad
>>> method used is MultiDimFit
 <<< Combine >>> 
>>> random number generator seed is 123456
   Options for Robust Minimizer :: 
        Tolerance  0.1
        Strategy   0
        Type,Algo  Minuit2,Migrad
>>> method used is MultiDimFit
 <<< Combine >>> 
>>> random number generator seed is 123456
   Options for Robust Minimizer :: 
        Tolerance  0.1
        Strategy   0
        Type,Algo  Minuit2,Migrad
>>> method used is MultiDimFit
 <<< Combine >>> 
>>> random number generator seed is 123456
   Options for Robust Minimizer :: 
        Tolerance  0.1
        Strategy   0
        Type,Algo  Minuit2,Migrad
>>> method used is MultiDimFit
 <<< Combine >>> 
>>> random number generator seed is 123456
   Options for Robust Minimizer :: 
        Tolerance  0.1
        Strategy   0
        Type,Algo  Minuit2,Migrad
>>> method used is MultiDimFit
 <<< Combine >>> 
>>> random number generator seed is 123456
   Options for Robust Minimizer :: 
        Tolerance  0.1
        Strategy   0
        Type,Algo  Minuit2,Migrad
>>> method used is MultiDimFit
 <<< Combine >>> 
>>> random number generator seed is 123456
   Options for Robust Minimizer :: 
        Tolerance  0.1
        Strategy   0
        Type,Algo  Minuit2,Migrad
>>> method used is MultiDimFit
 <<< Combine >>> 
>>> random number generator seed is 123456
   Options for Robust Minimizer :: 
        Tolerance  0.1
        Strategy   0
        Type,Algo  Minuit2,Migrad
>>> method used is MultiDimFit
 <<< Combine >>> 
>>> random number generator seed is 123456
   Options for Robust Minimizer :: 
        Tolerance  0.1
        Strategy   0
        Type,Algo  Minuit2,Migrad
>>> method used is MultiDimFit
 <<< Combine >>> 
>>> random number generator seed is 123456
   Options for Robust Minimizer :: 
        Tolerance  0.1
        Strategy   0
        Type,Algo  Minuit2,Migrad
>>> method used is MultiDimFit
 <<< Combine >>> 
>>> random number generator seed is 123456
   Options for Robust Minimizer :: 
        Tolerance  0.1
        Strategy   0
        Type,Algo  Minuit2,Migrad
>>> method used is MultiDimFit
 <<< Combine >>> 
>>> random number generator seed is 123456
   Options for Robust Minimizer :: 
        Tolerance  0.1
        Strategy   0
        Type,Algo  Minuit2,Migrad
>>> method used is MultiDimFit
 <<< Combine >>> 
>>> random number generator seed is 123456
   Options for Robust Minimizer :: 
        Tolerance  0.1
        Strategy   0
        Type,Algo  Minuit2,Migrad
>>> method used is MultiDimFit
 <<< Combine >>> 
>>> random number generator seed is 123456
   Options for Robust Minimizer :: 
        Tolerance  0.1
        Strategy   0
        Type,Algo  Minuit2,Migrad
>>> method used is MultiDimFit
 <<< Combine >>> 
>>> random number generator seed is 123456
   Options for Robust Minimizer :: 
        Tolerance  0.1
        Strategy   0
        Type,Algo  Minuit2,Migrad
>>> method used is MultiDimFit
 <<< Combine >>> 
>>> random number generator seed is 123456
   Options for Robust Minimizer :: 
        Tolerance  0.1
        Strategy   0
        Type,Algo  Minuit2,Migrad
>>> method used is MultiDimFit
 <<< Combine >>> 
>>> random number generator seed is 123456
   Options for Robust Minimizer :: 
        Tolerance  0.1
        Strategy   0
        Type,Algo  Minuit2,Migrad
>>> method used is MultiDimFit
 <<< Combine >>> 
>>> random number generator seed is 123456
   Options for Robust Minimizer :: 
        Tolerance  0.1
        Strategy   0
        Type,Algo  Minuit2,Migrad
>>> method used is MultiDimFit
 <<< Combine >>> 
>>> random number generator seed is 123456
   Options for Robust Minimizer :: 
        Tolerance  0.1
        Strategy   0
        Type,Algo  Minuit2,Migrad
>>> method used is MultiDimFit
 <<< Combine >>> 
>>> random number generator seed is 123456
   Options for Robust Minimizer :: 
        Tolerance  0.1
        Strategy   0
        Type,Algo  Minuit2,Migrad
>>> method used is MultiDimFit
 <<< Combine >>> 
>>> random number generator seed is 123456
   Options for Robust Minimizer :: 
        Tolerance  0.1
        Strategy   0
        Type,Algo  Minuit2,Migrad
>>> method used is MultiDimFit
 <<< Combine >>> 
>>> random number generator seed is 123456
   Options for Robust Minimizer :: 
        Tolerance  0.1
        Strategy   0
        Type,Algo  Minuit2,Migrad
>>> method used is MultiDimFit
 <<< Combine >>> 
>>> random number generator seed is 123456
   Options for Robust Minimizer :: 
        Tolerance  0.1
        Strategy   0
        Type,Algo  Minuit2,Migrad
>>> method used is MultiDimFit
 <<< Combine >>> 
>>> random number generator seed is 123456
   Options for Robust Minimizer :: 
        Tolerance  0.1
        Strategy   0
        Type,Algo  Minuit2,Migrad
>>> method used is MultiDimFit
Set Default Value of Parameter mask_Muons To : 1
Dataset data_obs not found.
>>> 1 out of 2 channels masked

SimNLL created with 2 channels, 0 generic constraints, 30 fast gaussian constraints, 0 fast poisson constraints, 0 fast group constraints, 

 --- MultiDimFit ---
Parameter impacts: 
  Parameter :   Best-fit               r            
  JESEC2    :   +0.000  -0.993/+0.993  +0.001/-0.002
Done in 0.00 min (cpu), 0.00 min (real)
Set Default Value of Parameter mask_Muons To : 1
Dataset data_obs not found.
>>> 1 out of 2 channels masked

SimNLL created with 2 channels, 0 generic constraints, 30 fast gaussian constraints, 0 fast poisson constraints, 0 fast group constraints, 
Set Default Value of Parameter mask_Muons To : 1
Dataset data_obs not found.
>>> 1 out of 2 channels masked

SimNLL created with 2 channels, 0 generic constraints, 30 fast gaussian constraints, 0 fast poisson constraints, 0 fast group constraints, 

 --- MultiDimFit ---
Parameter impacts: 
  Parameter    :   Best-fit               r            
  MuAcceptance :   +0.000  -0.994/+0.994  -0.000/-0.000
Done in 0.00 min (cpu), 0.00 min (real)

 --- MultiDimFit ---
Parameter impacts: 
  Parameter     :   Best-fit               r            
  btag_hfstats1 :   +0.000  -0.987/+0.988Set Default Value of Parameter mask_Muons To : 1
Dataset data_obs not found.
>>> 1 out of 2 channels masked

  -0.006/+0.006
Done in 0.01 min (cpu), 0.01 min (real)
SimNLL created with 2 channels, 0 generic constraints, 30 fast gaussian constraints, 0 fast poisson constraints, 0 fast group constraints, 
Set Default Value of Parameter mask_Muons To : 1
Dataset data_obs not found.
>>> 1 out of 2 channels masked

SimNLL created with 2 channels, 0 generic constraints, 30 fast gaussian constraints, 0 fast poisson constraints, 0 fast group constraints, 
Set Default Value of Parameter mask_Muons To : 1
Dataset data_obs not found.
>>> 1 out of 2 channels masked

SimNLL created with 2 channels, 0 generic constraints, 30 fast gaussian constraints, 0 fast poisson constraints, 0 fast group constraints, 
Set Default Value of Parameter mask_Muons To : 1
Dataset data_obs not found.
>>> 1 out of 2 channels masked


 --- MultiDimFit ---
Parameter impacts: 
Set Default Value of Parameter mask_Muons To : 1
Dataset data_obs not found.
>>> 1 out of 2 channels masked

  Parameter     :   Best-fit               r            
  btag_hfstats2 :   +0.000  -0.988/+0.988Set Default Value of Parameter mask_Muons To : 1
Dataset data_obs not found.
>>> 1 out of 2 channels masked

Set Default Value of Parameter mask_Muons To : 1
Dataset data_obs not found.
>>> 1 out of 2 channels masked

SimNLL created with 2 channels, 0 generic constraints, 30 fast gaussian constraints, 0 fast poisson constraints, 0 fast group constraints, 
Set Default Value of Parameter mask_Muons To : 1
Dataset data_obs not found.
>>> 1 out of 2 channels masked

SimNLL created with 2 channels, 0 generic constraints, 30 fast gaussian constraints, 0 fast poisson constraints, 0 fast group constraints, 
SimNLL created with 2 channels, 0 generic constraints, 30 fast gaussian constraints, 0 fast poisson constraints, 0 fast group constraints, 
SimNLL created with 2 channels, 0 generic constraints, 30 fast gaussian constraints, 0 fast poisson constraints, 0 fast group constraints, 

 --- MultiDimFit ---
Parameter impacts: 
  +0.006/-0.005
Done in 0.00 min (cpu), 0.00 min (real)
  Parameter :   Best-fit               r            
  ctag_jer  :   +0.000  -0.702/+0.693SimNLL created with 2 channels, 0 generic constraints, 30 fast gaussian constraints, 0 fast poisson constraints, 0 fast group constraints, 
  -0.007/+0.006
Done in 0.01 min (cpu), 0.01 min (real)

 --- MultiDimFit ---
Parameter impacts: 

 --- MultiDimFit ---
Parameter impacts: 
  Parameter     :   Best-fit               r            
  btag_lfstats1 :   +0.000  -0.978/+0.978  Parameter    :   Best-fit               r            
  JESBBEC12018 :   +0.000  -0.992/+0.992Set Default Value of Parameter mask_Muons To : 1
Dataset data_obs not found.
>>> 1 out of 2 channels masked

  +0.012/-0.012
Done in 0.01 min (cpu), 0.01 min (real)
  -0.007/+0.007
Done in 0.00 min (cpu), 0.00 min (real)
SimNLL created with 2 channels, 0 generic constraints, 30 fast gaussian constraints, 0 fast poisson constraints, 0 fast group constraints, 

 --- MultiDimFit ---
Parameter impacts: 
  Parameter   :   Best-fit               r            
  ctag_Interp :   +0.000  -0.952/+0.952Set Default Value of Parameter mask_Muons To : 1
Dataset data_obs not found.
>>> 1 out of 2 channels masked


 --- MultiDimFit ---
Parameter impacts: 

 --- MultiDimFit ---
Parameter impacts: 
  Parameter                :   Best-fit               r            
  ctag_XSec_BRUnc_DYJets_b :   +0.000  -0.991/+0.990
 --- MultiDimFit ---
Parameter impacts: 
SimNLL created with 2 channels, 0 generic constraints, 30 fast gaussian constraints, 0 fast poisson constraints, 0 fast group constraints, 
  Parameter :   Best-fit               r            
  btag_hf   :   +0.000  -0.606/+0.599Set Default Value of Parameter mask_Muons To : 1
Dataset data_obs not found.
>>> 1 out of 2 channels masked

  -0.029/+0.031
Done in 0.01 min (cpu), 0.01 min (real)
SimNLL created with 2 channels, 0 generic constraints, 30 fast gaussian constraints, 0 fast poisson constraints, 0 fast group constraints, 
Set Default Value of Parameter mask_Muons To : 1
Dataset data_obs not found.
>>> 1 out of 2 channels masked

  -0.001/+0.001
Done in 0.01 min (cpu), 0.01 min (real)
  Parameter   :   Best-fit               r            
  JESAbsolute :   +0.000  -0.929/+0.932  -0.046/+0.045
Done in 0.01 min (cpu), 0.01 min (real)
  +0.059/-0.053
Done in 0.01 min (cpu), 0.01 min (real)
SimNLL created with 2 channels, 0 generic constraints, 30 fast gaussian constraints, 0 fast poisson constraints, 0 fast group constraints, 
Set Default Value of Parameter mask_Muons To : 1
Dataset data_obs not found.
>>> 1 out of 2 channels masked

SimNLL created with 2 channels, 0 generic constraints, 30 fast gaussian constraints, 0 fast poisson constraints, 0 fast group constraints, 

 --- MultiDimFit ---
Parameter impacts: 
Set Default Value of Parameter mask_Muons To : 1
Dataset data_obs not found.
>>> 1 out of 2 channels masked

SimNLL created with 2 channels, 0 generic constraints, 30 fast gaussian constraints, 0 fast poisson constraints, 0 fast group constraints, 
  Parameter :   Best-fit               r            
  btag_lf   :   +0.000  -0.833/+0.837  +0.059/-0.052
Done in 0.01 min (cpu), 0.01 min (real)

 --- MultiDimFit ---
Parameter impacts: 
  Parameter :   Best-fit               r            
  JER       :   +0.000  -0.954/+0.954Set Default Value of Parameter mask_Muons To : 1
Dataset data_obs not found.
>>> 1 out of 2 channels masked


 --- MultiDimFit ---
Parameter impacts: 
  -0.026/+0.026
Done in 0.01 min (cpu), 0.01 min (real)
SimNLL created with 2 channels, 0 generic constraints, 30 fast gaussian constraints, 0 fast poisson constraints, 0 fast group constraints, 

 --- MultiDimFit ---
Parameter impacts: 
  Parameter :   Best-fit               r            
  JESHF     :   +0.000  -0.986/+0.986  Parameter               :   Best-fit               r            
  ctag_LHEScaleWeight_muF :   +0.000  -0.937/+0.936  +0.013/-0.013
Done in 0.01 min (cpu), 0.01 min (real)

 --- MultiDimFit ---
Parameter impacts: 
  +0.006/-0.006
Done in 0.01 min (cpu), 0.01 min (real)
Set Default Value of Parameter mask_Muons To : 1
Dataset data_obs not found.
>>> 1 out of 2 channels masked


 --- MultiDimFit ---
Parameter impacts: 
  Parameter :   Best-fit               r            
  JESHF2018 :   +0.000  -0.993/+0.993SimNLL created with 2 channels, 0 generic constraints, 30 fast gaussian constraints, 0 fast poisson constraints, 0 fast group constraints, 
  Parameter     :   Best-fit               r            
  EleAcceptance :   +0.000  -0.941/+0.940  +0.019/-0.019
Done in 0.01 min (cpu), 0.01 min (real)
Set Default Value of Parameter mask_Muons To : 1
Dataset data_obs not found.
>>> 1 out of 2 channels masked

  +0.001/-0.001
Done in 0.01 min (cpu), 0.01 min (real)
SimNLL created with 2 channels, 0 generic constraints, 30 fast gaussian constraints, 0 fast poisson constraints, 0 fast group constraints, 

 --- MultiDimFit ---
Parameter impacts: 
  Parameter  :   Best-fit               r            
  JESEC22018 :   +0.000  -0.991/+0.992Set Default Value of Parameter mask_Muons To : 1
Dataset data_obs not found.
>>> 1 out of 2 channels masked

Set Default Value of Parameter mask_Muons To : 1
Dataset data_obs not found.
>>> 1 out of 2 channels masked

SimNLL created with 2 channels, 0 generic constraints, 30 fast gaussian constraints, 0 fast poisson constraints, 0 fast group constraints, 
  -0.001/+0.001
Done in 0.01 min (cpu), 0.01 min (real)
SimNLL created with 2 channels, 0 generic constraints, 30 fast gaussian constraints, 0 fast poisson constraints, 0 fast group constraints, 

 --- MultiDimFit ---
Parameter impacts: 
  Parameter :   Best-fit               r            
  JESBBEC1  :   +0.000  -0.983/+0.983
 --- MultiDimFit ---
Parameter impacts: 
  Parameter     :   Best-fit               r            
  btag_lfstats2 :   +0.000  -0.984/+0.985  -0.028/+0.027
Done in 0.01 min (cpu), 0.01 min (real)
Set Default Value of Parameter mask_Muons To : 1
Dataset data_obs not found.
>>> 1 out of 2 channels masked

  +0.014/-0.014
Done in 0.01 min (cpu), 0.01 min (real)
SimNLL created with 2 channels, 0 generic constraints, 30 fast gaussian constraints, 0 fast poisson constraints, 0 fast group constraints, 

 --- MultiDimFit ---
Parameter impacts: 
Set Default Value of Parameter mask_Muons To : 1
Dataset data_obs not found.
>>> 1 out of 2 channels masked

  Parameter                :   Best-fit               r            
  ctag_XSec_BRUnc_DYJets_c :   +0.000  -0.956/+0.956Set Default Value of Parameter mask_Muons To : 1
Dataset data_obs not found.
>>> 1 out of 2 channels masked

SimNLL created with 2 channels, 0 generic constraints, 30 fast gaussian constraints, 0 fast poisson constraints, 0 fast group constraints, 
Set Default Value of Parameter mask_Muons To : 1
Dataset data_obs not found.
>>> 1 out of 2 channels masked

SimNLL created with 2 channels, 0 generic constraints, 30 fast gaussian constraints, 0 fast poisson constraints, 0 fast group constraints, 
Set Default Value of Parameter mask_Muons To : 1
Dataset data_obs not found.
>>> 1 out of 2 channels masked

SimNLL created with 2 channels, 0 generic constraints, 30 fast gaussian constraints, 0 fast poisson constraints, 0 fast group constraints, 
SimNLL created with 2 channels, 0 generic constraints, 30 fast gaussian constraints, 0 fast poisson constraints, 0 fast group constraints, 
  -0.012/+0.012
Done in 0.00 min (cpu), 0.01 min (real)

 --- MultiDimFit ---
Parameter impacts: 
Set Default Value of Parameter mask_Muons To : 1
Dataset data_obs not found.
>>> 1 out of 2 channels masked

Set Default Value of Parameter mask_Muons To : 1
Dataset data_obs not found.
>>> 1 out of 2 channels masked

SimNLL created with 2 channels, 0 generic constraints, 30 fast gaussian constraints, 0 fast poisson constraints, 0 fast group constraints, 
SimNLL created with 2 channels, 0 generic constraints, 30 fast gaussian constraints, 0 fast poisson constraints, 0 fast group constraints, 
Set Default Value of Parameter mask_Muons To : 1
Dataset data_obs not found.
>>> 1 out of 2 channels masked

  Parameter :   Best-fit               r            
  lumi      :   +0.000  -0.958/+0.959  +0.015/-0.014
Done in 0.01 min (cpu), 0.01 min (real)

 --- MultiDimFit ---
Parameter impacts: 
SimNLL created with 2 channels, 0 generic constraints, 30 fast gaussian constraints, 0 fast poisson constraints, 0 fast group constraints, 

 --- MultiDimFit ---
Parameter impacts: 

 --- MultiDimFit ---
Parameter impacts: 
  Parameter       :   Best-fit               r            
  JESAbsolute2018 :   +0.000  -0.984/+0.984  Parameter        :   Best-fit               r            
  ctag_PSWeightISR :   +0.000  -0.994/+0.994
 --- MultiDimFit ---
Parameter impacts: 
  Parameter      :   Best-fit               r            
  JESRelativeBal :   +0.000  -0.967/+0.966  +0.015/-0.015
Done in 0.01 min (cpu), 0.01 min (real)

 --- MultiDimFit ---
Parameter impacts: 
  -0.019/+0.019
Done in 0.01 min (cpu), 0.01 min (real)
  -0.001/+0.002
Done in 0.00 min (cpu), 0.00 min (real)
  Parameter    :   Best-fit               r            
  JESFlavorQCD :   +0.000  -0.954/+0.956  -0.064/+0.065
Done in 0.01 min (cpu), 0.01 min (real)
  Parameter             :   Best-fit               r            
  JESRelativeSample2018 :   +0.000  -0.926/+0.921  +0.066/-0.065
Done in 0.01 min (cpu), 0.01 min (real)

 --- MultiDimFit ---
Parameter impacts: 
  Parameter     :   Best-fit               r            
  ctag_PUWeight :   +0.000  -0.970/+0.969  +0.016/-0.016
Done in 0.01 min (cpu), 0.01 min (real)

 --- MultiDimFit ---
Parameter impacts: 

 --- MultiDimFit ---
Parameter impacts: 
  Parameter               :   Best-fit               r            
  ctag_LHEScaleWeight_muR :   +0.000  -0.974/+0.974  Parameter :   Best-fit               r            
  XSecTT    :   +0.000  -0.611/+0.612  +0.070/-0.068
Done in 0.01 min (cpu), 0.01 min (real)
  +0.001/-0.001
Done in 0.01 min (cpu), 0.01 min (real)
>> combine -M MultiDimFit -n _paramFit_Test_ctag_jer --algo impact --redefineSignalPOIs r -P ctag_jer --floatOtherPOIs 1 --saveInactivePOI 1 --robustFit 1 -t -1 --expectSignal=1 -m 125 -d Electrons/datacard/workspace.root --setParameters mask_Muons=1
>> combine -M MultiDimFit -n _paramFit_Test_btag_lfstats1 --algo impact --redefineSignalPOIs r -P btag_lfstats1 --floatOtherPOIs 1 --saveInactivePOI 1 --robustFit 1 -t -1 --expectSignal=1 -m 125 -d Electrons/datacard/workspace.root --setParameters mask_Muons=1
>> combine -M MultiDimFit -n _paramFit_Test_btag_hfstats1 --algo impact --redefineSignalPOIs r -P btag_hfstats1 --floatOtherPOIs 1 --saveInactivePOI 1 --robustFit 1 -t -1 --expectSignal=1 -m 125 -d Electrons/datacard/workspace.root --setParameters mask_Muons=1
>> combine -M MultiDimFit -n _paramFit_Test_JESBBEC12018 --algo impact --redefineSignalPOIs r -P JESBBEC12018 --floatOtherPOIs 1 --saveInactivePOI 1 --robustFit 1 -t -1 --expectSignal=1 -m 125 -d Electrons/datacard/workspace.root --setParameters mask_Muons=1
>> combine -M MultiDimFit -n _paramFit_Test_ctag_Interp --algo impact --redefineSignalPOIs r -P ctag_Interp --floatOtherPOIs 1 --saveInactivePOI 1 --robustFit 1 -t -1 --expectSignal=1 -m 125 -d Electrons/datacard/workspace.root --setParameters mask_Muons=1
>> combine -M MultiDimFit -n _paramFit_Test_btag_hfstats2 --algo impact --redefineSignalPOIs r -P btag_hfstats2 --floatOtherPOIs 1 --saveInactivePOI 1 --robustFit 1 -t -1 --expectSignal=1 -m 125 -d Electrons/datacard/workspace.root --setParameters mask_Muons=1
>> combine -M MultiDimFit -n _paramFit_Test_JESEC2 --algo impact --redefineSignalPOIs r -P JESEC2 --floatOtherPOIs 1 --saveInactivePOI 1 --robustFit 1 -t -1 --expectSignal=1 -m 125 -d Electrons/datacard/workspace.root --setParameters mask_Muons=1
>> combine -M MultiDimFit -n _paramFit_Test_MuAcceptance --algo impact --redefineSignalPOIs r -P MuAcceptance --floatOtherPOIs 1 --saveInactivePOI 1 --robustFit 1 -t -1 --expectSignal=1 -m 125 -d Electrons/datacard/workspace.root --setParameters mask_Muons=1
>> combine -M MultiDimFit -n _paramFit_Test_ctag_XSec_BRUnc_DYJets_b --algo impact --redefineSignalPOIs r -P ctag_XSec_BRUnc_DYJets_b --floatOtherPOIs 1 --saveInactivePOI 1 --robustFit 1 -t -1 --expectSignal=1 -m 125 -d Electrons/datacard/workspace.root --setParameters mask_Muons=1
>> combine -M MultiDimFit -n _paramFit_Test_btag_hf --algo impact --redefineSignalPOIs r -P btag_hf --floatOtherPOIs 1 --saveInactivePOI 1 --robustFit 1 -t -1 --expectSignal=1 -m 125 -d Electrons/datacard/workspace.root --setParameters mask_Muons=1
>> combine -M MultiDimFit -n _paramFit_Test_btag_lf --algo impact --redefineSignalPOIs r -P btag_lf --floatOtherPOIs 1 --saveInactivePOI 1 --robustFit 1 -t -1 --expectSignal=1 -m 125 -d Electrons/datacard/workspace.root --setParameters mask_Muons=1
>> combine -M MultiDimFit -n _paramFit_Test_ctag_LHEScaleWeight_muF --algo impact --redefineSignalPOIs r -P ctag_LHEScaleWeight_muF --floatOtherPOIs 1 --saveInactivePOI 1 --robustFit 1 -t -1 --expectSignal=1 -m 125 -d Electrons/datacard/workspace.root --setParameters mask_Muons=1
>> combine -M MultiDimFit -n _paramFit_Test_JER --algo impact --redefineSignalPOIs r -P JER --floatOtherPOIs 1 --saveInactivePOI 1 --robustFit 1 -t -1 --expectSignal=1 -m 125 -d Electrons/datacard/workspace.root --setParameters mask_Muons=1
>> combine -M MultiDimFit -n _paramFit_Test_JESAbsolute --algo impact --redefineSignalPOIs r -P JESAbsolute --floatOtherPOIs 1 --saveInactivePOI 1 --robustFit 1 -t -1 --expectSignal=1 -m 125 -d Electrons/datacard/workspace.root --setParameters mask_Muons=1
>> combine -M MultiDimFit -n _paramFit_Test_JESHF --algo impact --redefineSignalPOIs r -P JESHF --floatOtherPOIs 1 --saveInactivePOI 1 --robustFit 1 -t -1 --expectSignal=1 -m 125 -d Electrons/datacard/workspace.root --setParameters mask_Muons=1
>> combine -M MultiDimFit -n _paramFit_Test_EleAcceptance --algo impact --redefineSignalPOIs r -P EleAcceptance --floatOtherPOIs 1 --saveInactivePOI 1 --robustFit 1 -t -1 --expectSignal=1 -m 125 -d Electrons/datacard/workspace.root --setParameters mask_Muons=1
>> combine -M MultiDimFit -n _paramFit_Test_JESHF2018 --algo impact --redefineSignalPOIs r -P JESHF2018 --floatOtherPOIs 1 --saveInactivePOI 1 --robustFit 1 -t -1 --expectSignal=1 -m 125 -d Electrons/datacard/workspace.root --setParameters mask_Muons=1
>> combine -M MultiDimFit -n _paramFit_Test_JESEC22018 --algo impact --redefineSignalPOIs r -P JESEC22018 --floatOtherPOIs 1 --saveInactivePOI 1 --robustFit 1 -t -1 --expectSignal=1 -m 125 -d Electrons/datacard/workspace.root --setParameters mask_Muons=1
>> combine -M MultiDimFit -n _paramFit_Test_JESBBEC1 --algo impact --redefineSignalPOIs r -P JESBBEC1 --floatOtherPOIs 1 --saveInactivePOI 1 --robustFit 1 -t -1 --expectSignal=1 -m 125 -d Electrons/datacard/workspace.root --setParameters mask_Muons=1
>> combine -M MultiDimFit -n _paramFit_Test_btag_lfstats2 --algo impact --redefineSignalPOIs r -P btag_lfstats2 --floatOtherPOIs 1 --saveInactivePOI 1 --robustFit 1 -t -1 --expectSignal=1 -m 125 -d Electrons/datacard/workspace.root --setParameters mask_Muons=1
>> combine -M MultiDimFit -n _paramFit_Test_ctag_XSec_BRUnc_DYJets_c --algo impact --redefineSignalPOIs r -P ctag_XSec_BRUnc_DYJets_c --floatOtherPOIs 1 --saveInactivePOI 1 --robustFit 1 -t -1 --expectSignal=1 -m 125 -d Electrons/datacard/workspace.root --setParameters mask_Muons=1
>> combine -M MultiDimFit -n _paramFit_Test_lumi --algo impact --redefineSignalPOIs r -P lumi --floatOtherPOIs 1 --saveInactivePOI 1 --robustFit 1 -t -1 --expectSignal=1 -m 125 -d Electrons/datacard/workspace.root --setParameters mask_Muons=1
>> combine -M MultiDimFit -n _paramFit_Test_JESAbsolute2018 --algo impact --redefineSignalPOIs r -P JESAbsolute2018 --floatOtherPOIs 1 --saveInactivePOI 1 --robustFit 1 -t -1 --expectSignal=1 -m 125 -d Electrons/datacard/workspace.root --setParameters mask_Muons=1
>> combine -M MultiDimFit -n _paramFit_Test_JESRelativeBal --algo impact --redefineSignalPOIs r -P JESRelativeBal --floatOtherPOIs 1 --saveInactivePOI 1 --robustFit 1 -t -1 --expectSignal=1 -m 125 -d Electrons/datacard/workspace.root --setParameters mask_Muons=1
>> combine -M MultiDimFit -n _paramFit_Test_ctag_PSWeightISR --algo impact --redefineSignalPOIs r -P ctag_PSWeightISR --floatOtherPOIs 1 --saveInactivePOI 1 --robustFit 1 -t -1 --expectSignal=1 -m 125 -d Electrons/datacard/workspace.root --setParameters mask_Muons=1
>> combine -M MultiDimFit -n _paramFit_Test_JESFlavorQCD --algo impact --redefineSignalPOIs r -P JESFlavorQCD --floatOtherPOIs 1 --saveInactivePOI 1 --robustFit 1 -t -1 --expectSignal=1 -m 125 -d Electrons/datacard/workspace.root --setParameters mask_Muons=1
>> combine -M MultiDimFit -n _paramFit_Test_JESRelativeSample2018 --algo impact --redefineSignalPOIs r -P JESRelativeSample2018 --floatOtherPOIs 1 --saveInactivePOI 1 --robustFit 1 -t -1 --expectSignal=1 -m 125 -d Electrons/datacard/workspace.root --setParameters mask_Muons=1
>> combine -M MultiDimFit -n _paramFit_Test_ctag_PUWeight --algo impact --redefineSignalPOIs r -P ctag_PUWeight --floatOtherPOIs 1 --saveInactivePOI 1 --robustFit 1 -t -1 --expectSignal=1 -m 125 -d Electrons/datacard/workspace.root --setParameters mask_Muons=1
>> combine -M MultiDimFit -n _paramFit_Test_ctag_LHEScaleWeight_muR --algo impact --redefineSignalPOIs r -P ctag_LHEScaleWeight_muR --floatOtherPOIs 1 --saveInactivePOI 1 --robustFit 1 -t -1 --expectSignal=1 -m 125 -d Electrons/datacard/workspace.root --setParameters mask_Muons=1
>> combine -M MultiDimFit -n _paramFit_Test_XSecTT --algo impact --redefineSignalPOIs r -P XSecTT --floatOtherPOIs 1 --saveInactivePOI 1 --robustFit 1 -t -1 --expectSignal=1 -m 125 -d Electrons/datacard/workspace.root --setParameters mask_Muons=1
Have POIs: ['r']
Have parameters: 30
Setting parameter mask_Muons to 1
>> Doing page 0, have 30 parameters
