 <<< Combine >>> 
>>> random number generator seed is 123456
>>> method used is MultiDimFit
Set Range of Parameter r To : (0.6,1.4)
Dataset data_obs not found.
Parameters: 
  1) RooRealVar::       n_exp_binElectrons_proc_WJets = 279020
  2) RooRealVar::      n_exp_binElectrons_proc_WWJets = 14095.4
  3) RooRealVar::       n_exp_binElectrons_proc_diHad = 47531.1
  4) RooRealVar::      n_exp_binElectrons_proc_diLept = 2.43174e+06
  5) RooRealVar:: n_exp_binElectrons_proc_semiLeptEle = 6.73765e+06
  6) RooRealVar::  n_exp_binElectrons_proc_semiLeptMu = 16904.2
  7) RooRealVar:: n_exp_binElectrons_proc_semiLeptTau = 391976
  8) RooRealVar::          n_exp_binElectrons_proc_tW = 422448
  9) RooRealVar::          n_exp_binElectrons_proc_tq = 357703
 10) RooRealVar::           n_exp_binMuons_proc_WJets = 817496
 11) RooRealVar::          n_exp_binMuons_proc_WWJets = 24194.4
 12) RooRealVar::           n_exp_binMuons_proc_diHad = 161012
 13) RooRealVar::          n_exp_binMuons_proc_diLept = 2.9411e+06
 14) RooRealVar::     n_exp_binMuons_proc_semiLeptEle = 48431.9
 15) RooRealVar::      n_exp_binMuons_proc_semiLeptMu = 8.3779e+06
 16) RooRealVar::     n_exp_binMuons_proc_semiLeptTau = 576097
 17) RooRealVar::              n_exp_binMuons_proc_tW = 536052
 18) RooRealVar::              n_exp_binMuons_proc_tq = 520513
 19) RooRealVar::                                   r = 1
Obs: 
  1) RooRealVar::    CMS_th1x = 39.5
  2) RooCategory:: CMS_channel = Muons(idx = 0)

SimNLL created with 2 channels, 0 generic constraints, 0 fast gaussian constraints, 0 fast poisson constraints, 0 fast group constraints, 
 POI: r= 1 -> [0.6,1.4]
Point 0/2000 r = 0.6002
Point 1/2000 r = 0.6006
Point 2/2000 r = 0.601
Point 3/2000 r = 0.6014
Point 4/2000 r = 0.6018
Point 5/2000 r = 0.6022
Point 6/2000 r = 0.6026
Point 7/2000 r = 0.603
Point 8/2000 r = 0.6034
Point 9/2000 r = 0.6038
Point 10/2000 r = 0.6042
Point 11/2000 r = 0.6046
Point 12/2000 r = 0.605
Point 13/2000 r = 0.6054
Point 14/2000 r = 0.6058
Point 15/2000 r = 0.6062
Point 16/2000 r = 0.6066
Point 17/2000 r = 0.607
Point 18/2000 r = 0.6074
Point 19/2000 r = 0.6078
Point 20/2000 r = 0.6082
Point 21/2000 r = 0.6086
Point 22/2000 r = 0.609
Point 23/2000 r = 0.6094
Point 24/2000 r = 0.6098
Point 25/2000 r = 0.6102
Point 26/2000 r = 0.6106
Point 27/2000 r = 0.611
Point 28/2000 r = 0.6114
Point 29/2000 r = 0.6118
Point 30/2000 r = 0.6122
Point 31/2000 r = 0.6126
Point 32/2000 r = 0.613
Point 33/2000 r = 0.6134
Point 34/2000 r = 0.6138
Point 35/2000 r = 0.6142
Point 36/2000 r = 0.6146
Point 37/2000 r = 0.615
Point 38/2000 r = 0.6154
Point 39/2000 r = 0.6158
Point 40/2000 r = 0.6162
Point 41/2000 r = 0.6166
Point 42/2000 r = 0.617
Point 43/2000 r = 0.6174
Point 44/2000 r = 0.6178
Point 45/2000 r = 0.6182
Point 46/2000 r = 0.6186
Point 47/2000 r = 0.619
Point 48/2000 r = 0.6194
Point 49/2000 r = 0.6198
Point 50/2000 r = 0.6202
Point 51/2000 r = 0.6206
Point 52/2000 r = 0.621
Point 53/2000 r = 0.6214
Point 54/2000 r = 0.6218
Point 55/2000 r = 0.6222
Point 56/2000 r = 0.6226
Point 57/2000 r = 0.623
Point 58/2000 r = 0.6234
Point 59/2000 r = 0.6238
Point 60/2000 r = 0.6242
Point 61/2000 r = 0.6246
Point 62/2000 r = 0.625
Point 63/2000 r = 0.6254
Point 64/2000 r = 0.6258
Point 65/2000 r = 0.6262
Point 66/2000 r = 0.6266
Point 67/2000 r = 0.627
Point 68/2000 r = 0.6274
Point 69/2000 r = 0.6278
Point 70/2000 r = 0.6282
Point 71/2000 r = 0.6286
Point 72/2000 r = 0.629
Point 73/2000 r = 0.6294
Point 74/2000 r = 0.6298
Point 75/2000 r = 0.6302
Point 76/2000 r = 0.6306
Point 77/2000 r = 0.631
Point 78/2000 r = 0.6314
Point 79/2000 r = 0.6318
Point 80/2000 r = 0.6322
Point 81/2000 r = 0.6326
Point 82/2000 r = 0.633
Point 83/2000 r = 0.6334
Point 84/2000 r = 0.6338
Point 85/2000 r = 0.6342
Point 86/2000 r = 0.6346
Point 87/2000 r = 0.635
Point 88/2000 r = 0.6354
Point 89/2000 r = 0.6358
Point 90/2000 r = 0.6362
Point 91/2000 r = 0.6366
Point 92/2000 r = 0.637
Point 93/2000 r = 0.6374
Point 94/2000 r = 0.6378
Point 95/2000 r = 0.6382
Point 96/2000 r = 0.6386
Point 97/2000 r = 0.639
Point 98/2000 r = 0.6394
Point 99/2000 r = 0.6398
Point 100/2000 r = 0.6402
Point 101/2000 r = 0.6406
Point 102/2000 r = 0.641
Point 103/2000 r = 0.6414
Point 104/2000 r = 0.6418
Point 105/2000 r = 0.6422
Point 106/2000 r = 0.6426
Point 107/2000 r = 0.643
Point 108/2000 r = 0.6434
Point 109/2000 r = 0.6438
Point 110/2000 r = 0.6442
Point 111/2000 r = 0.6446
Point 112/2000 r = 0.645
Point 113/2000 r = 0.6454
Point 114/2000 r = 0.6458
Point 115/2000 r = 0.6462
Point 116/2000 r = 0.6466
Point 117/2000 r = 0.647
Point 118/2000 r = 0.6474
Point 119/2000 r = 0.6478
Point 120/2000 r = 0.6482
Point 121/2000 r = 0.6486
Point 122/2000 r = 0.649
Point 123/2000 r = 0.6494
Point 124/2000 r = 0.6498
Point 125/2000 r = 0.6502
Point 126/2000 r = 0.6506
Point 127/2000 r = 0.651
Point 128/2000 r = 0.6514
Point 129/2000 r = 0.6518
Point 130/2000 r = 0.6522
Point 131/2000 r = 0.6526
Point 132/2000 r = 0.653
Point 133/2000 r = 0.6534
Point 134/2000 r = 0.6538
Point 135/2000 r = 0.6542
Point 136/2000 r = 0.6546
Point 137/2000 r = 0.655
Point 138/2000 r = 0.6554
Point 139/2000 r = 0.6558
Point 140/2000 r = 0.6562
Point 141/2000 r = 0.6566
Point 142/2000 r = 0.657
Point 143/2000 r = 0.6574
Point 144/2000 r = 0.6578
Point 145/2000 r = 0.6582
Point 146/2000 r = 0.6586
Point 147/2000 r = 0.659
Point 148/2000 r = 0.6594
Point 149/2000 r = 0.6598
Point 150/2000 r = 0.6602
Point 151/2000 r = 0.6606
Point 152/2000 r = 0.661
Point 153/2000 r = 0.6614
Point 154/2000 r = 0.6618
Point 155/2000 r = 0.6622
Point 156/2000 r = 0.6626
Point 157/2000 r = 0.663
Point 158/2000 r = 0.6634
Point 159/2000 r = 0.6638
Point 160/2000 r = 0.6642
Point 161/2000 r = 0.6646
Point 162/2000 r = 0.665
Point 163/2000 r = 0.6654
Point 164/2000 r = 0.6658
Point 165/2000 r = 0.6662
Point 166/2000 r = 0.6666
Point 167/2000 r = 0.667
Point 168/2000 r = 0.6674
Point 169/2000 r = 0.6678
Point 170/2000 r = 0.6682
Point 171/2000 r = 0.6686
Point 172/2000 r = 0.669
Point 173/2000 r = 0.6694
Point 174/2000 r = 0.6698
Point 175/2000 r = 0.6702
Point 176/2000 r = 0.6706
Point 177/2000 r = 0.671
Point 178/2000 r = 0.6714
Point 179/2000 r = 0.6718
Point 180/2000 r = 0.6722
Point 181/2000 r = 0.6726
Point 182/2000 r = 0.673
Point 183/2000 r = 0.6734
Point 184/2000 r = 0.6738
Point 185/2000 r = 0.6742
Point 186/2000 r = 0.6746
Point 187/2000 r = 0.675
Point 188/2000 r = 0.6754
Point 189/2000 r = 0.6758
Point 190/2000 r = 0.6762
Point 191/2000 r = 0.6766
Point 192/2000 r = 0.677
Point 193/2000 r = 0.6774
Point 194/2000 r = 0.6778
Point 195/2000 r = 0.6782
Point 196/2000 r = 0.6786
Point 197/2000 r = 0.679
Point 198/2000 r = 0.6794
Point 199/2000 r = 0.6798
Point 200/2000 r = 0.6802
Point 201/2000 r = 0.6806
Point 202/2000 r = 0.681
Point 203/2000 r = 0.6814
Point 204/2000 r = 0.6818
Point 205/2000 r = 0.6822
Point 206/2000 r = 0.6826
Point 207/2000 r = 0.683
Point 208/2000 r = 0.6834
Point 209/2000 r = 0.6838
Point 210/2000 r = 0.6842
Point 211/2000 r = 0.6846
Point 212/2000 r = 0.685
Point 213/2000 r = 0.6854
Point 214/2000 r = 0.6858
Point 215/2000 r = 0.6862
Point 216/2000 r = 0.6866
Point 217/2000 r = 0.687
Point 218/2000 r = 0.6874
Point 219/2000 r = 0.6878
Point 220/2000 r = 0.6882
Point 221/2000 r = 0.6886
Point 222/2000 r = 0.689
Point 223/2000 r = 0.6894
Point 224/2000 r = 0.6898
Point 225/2000 r = 0.6902
Point 226/2000 r = 0.6906
Point 227/2000 r = 0.691
Point 228/2000 r = 0.6914
Point 229/2000 r = 0.6918
Point 230/2000 r = 0.6922
Point 231/2000 r = 0.6926
Point 232/2000 r = 0.693
Point 233/2000 r = 0.6934
Point 234/2000 r = 0.6938
Point 235/2000 r = 0.6942
Point 236/2000 r = 0.6946
Point 237/2000 r = 0.695
Point 238/2000 r = 0.6954
Point 239/2000 r = 0.6958
Point 240/2000 r = 0.6962
Point 241/2000 r = 0.6966
Point 242/2000 r = 0.697
Point 243/2000 r = 0.6974
Point 244/2000 r = 0.6978
Point 245/2000 r = 0.6982
Point 246/2000 r = 0.6986
Point 247/2000 r = 0.699
Point 248/2000 r = 0.6994
Point 249/2000 r = 0.6998
Point 250/2000 r = 0.7002
Point 251/2000 r = 0.7006
Point 252/2000 r = 0.701
Point 253/2000 r = 0.7014
Point 254/2000 r = 0.7018
Point 255/2000 r = 0.7022
Point 256/2000 r = 0.7026
Point 257/2000 r = 0.703
Point 258/2000 r = 0.7034
Point 259/2000 r = 0.7038
Point 260/2000 r = 0.7042
Point 261/2000 r = 0.7046
Point 262/2000 r = 0.705
Point 263/2000 r = 0.7054
Point 264/2000 r = 0.7058
Point 265/2000 r = 0.7062
Point 266/2000 r = 0.7066
Point 267/2000 r = 0.707
Point 268/2000 r = 0.7074
Point 269/2000 r = 0.7078
Point 270/2000 r = 0.7082
Point 271/2000 r = 0.7086
Point 272/2000 r = 0.709
Point 273/2000 r = 0.7094
Point 274/2000 r = 0.7098
Point 275/2000 r = 0.7102
Point 276/2000 r = 0.7106
Point 277/2000 r = 0.711
Point 278/2000 r = 0.7114
Point 279/2000 r = 0.7118
Point 280/2000 r = 0.7122
Point 281/2000 r = 0.7126
Point 282/2000 r = 0.713
Point 283/2000 r = 0.7134
Point 284/2000 r = 0.7138
Point 285/2000 r = 0.7142
Point 286/2000 r = 0.7146
Point 287/2000 r = 0.715
Point 288/2000 r = 0.7154
Point 289/2000 r = 0.7158
Point 290/2000 r = 0.7162
Point 291/2000 r = 0.7166
Point 292/2000 r = 0.717
Point 293/2000 r = 0.7174
Point 294/2000 r = 0.7178
Point 295/2000 r = 0.7182
Point 296/2000 r = 0.7186
Point 297/2000 r = 0.719
Point 298/2000 r = 0.7194
Point 299/2000 r = 0.7198
Point 300/2000 r = 0.7202
Point 301/2000 r = 0.7206
Point 302/2000 r = 0.721
Point 303/2000 r = 0.7214
Point 304/2000 r = 0.7218
Point 305/2000 r = 0.7222
Point 306/2000 r = 0.7226
Point 307/2000 r = 0.723
Point 308/2000 r = 0.7234
Point 309/2000 r = 0.7238
Point 310/2000 r = 0.7242
Point 311/2000 r = 0.7246
Point 312/2000 r = 0.725
Point 313/2000 r = 0.7254
Point 314/2000 r = 0.7258
Point 315/2000 r = 0.7262
Point 316/2000 r = 0.7266
Point 317/2000 r = 0.727
Point 318/2000 r = 0.7274
Point 319/2000 r = 0.7278
Point 320/2000 r = 0.7282
Point 321/2000 r = 0.7286
Point 322/2000 r = 0.729
Point 323/2000 r = 0.7294
Point 324/2000 r = 0.7298
Point 325/2000 r = 0.7302
Point 326/2000 r = 0.7306
Point 327/2000 r = 0.731
Point 328/2000 r = 0.7314
Point 329/2000 r = 0.7318
Point 330/2000 r = 0.7322
Point 331/2000 r = 0.7326
Point 332/2000 r = 0.733
Point 333/2000 r = 0.7334
Point 334/2000 r = 0.7338
Point 335/2000 r = 0.7342
Point 336/2000 r = 0.7346
Point 337/2000 r = 0.735
Point 338/2000 r = 0.7354
Point 339/2000 r = 0.7358
Point 340/2000 r = 0.7362
Point 341/2000 r = 0.7366
Point 342/2000 r = 0.737
Point 343/2000 r = 0.7374
Point 344/2000 r = 0.7378
Point 345/2000 r = 0.7382
Point 346/2000 r = 0.7386
Point 347/2000 r = 0.739
Point 348/2000 r = 0.7394
Point 349/2000 r = 0.7398
Point 350/2000 r = 0.7402
Point 351/2000 r = 0.7406
Point 352/2000 r = 0.741
Point 353/2000 r = 0.7414
Point 354/2000 r = 0.7418
Point 355/2000 r = 0.7422
Point 356/2000 r = 0.7426
Point 357/2000 r = 0.743
Point 358/2000 r = 0.7434
Point 359/2000 r = 0.7438
Point 360/2000 r = 0.7442
Point 361/2000 r = 0.7446
Point 362/2000 r = 0.745
Point 363/2000 r = 0.7454
Point 364/2000 r = 0.7458
Point 365/2000 r = 0.7462
Point 366/2000 r = 0.7466
Point 367/2000 r = 0.747
Point 368/2000 r = 0.7474
Point 369/2000 r = 0.7478
Point 370/2000 r = 0.7482
Point 371/2000 r = 0.7486
Point 372/2000 r = 0.749
Point 373/2000 r = 0.7494
Point 374/2000 r = 0.7498
Point 375/2000 r = 0.7502
Point 376/2000 r = 0.7506
Point 377/2000 r = 0.751
Point 378/2000 r = 0.7514
Point 379/2000 r = 0.7518
Point 380/2000 r = 0.7522
Point 381/2000 r = 0.7526
Point 382/2000 r = 0.753
Point 383/2000 r = 0.7534
Point 384/2000 r = 0.7538
Point 385/2000 r = 0.7542
Point 386/2000 r = 0.7546
Point 387/2000 r = 0.755
Point 388/2000 r = 0.7554
Point 389/2000 r = 0.7558
Point 390/2000 r = 0.7562
Point 391/2000 r = 0.7566
Point 392/2000 r = 0.757
Point 393/2000 r = 0.7574
Point 394/2000 r = 0.7578
Point 395/2000 r = 0.7582
Point 396/2000 r = 0.7586
Point 397/2000 r = 0.759
Point 398/2000 r = 0.7594
Point 399/2000 r = 0.7598
Point 400/2000 r = 0.7602
Point 401/2000 r = 0.7606
Point 402/2000 r = 0.761
Point 403/2000 r = 0.7614
Point 404/2000 r = 0.7618
Point 405/2000 r = 0.7622
Point 406/2000 r = 0.7626
Point 407/2000 r = 0.763
Point 408/2000 r = 0.7634
Point 409/2000 r = 0.7638
Point 410/2000 r = 0.7642
Point 411/2000 r = 0.7646
Point 412/2000 r = 0.765
Point 413/2000 r = 0.7654
Point 414/2000 r = 0.7658
Point 415/2000 r = 0.7662
Point 416/2000 r = 0.7666
Point 417/2000 r = 0.767
Point 418/2000 r = 0.7674
Point 419/2000 r = 0.7678
Point 420/2000 r = 0.7682
Point 421/2000 r = 0.7686
Point 422/2000 r = 0.769
Point 423/2000 r = 0.7694
Point 424/2000 r = 0.7698
Point 425/2000 r = 0.7702
Point 426/2000 r = 0.7706
Point 427/2000 r = 0.771
Point 428/2000 r = 0.7714
Point 429/2000 r = 0.7718
Point 430/2000 r = 0.7722
Point 431/2000 r = 0.7726
Point 432/2000 r = 0.773
Point 433/2000 r = 0.7734
Point 434/2000 r = 0.7738
Point 435/2000 r = 0.7742
Point 436/2000 r = 0.7746
Point 437/2000 r = 0.775
Point 438/2000 r = 0.7754
Point 439/2000 r = 0.7758
Point 440/2000 r = 0.7762
Point 441/2000 r = 0.7766
Point 442/2000 r = 0.777
Point 443/2000 r = 0.7774
Point 444/2000 r = 0.7778
Point 445/2000 r = 0.7782
Point 446/2000 r = 0.7786
Point 447/2000 r = 0.779
Point 448/2000 r = 0.7794
Point 449/2000 r = 0.7798
Point 450/2000 r = 0.7802
Point 451/2000 r = 0.7806
Point 452/2000 r = 0.781
Point 453/2000 r = 0.7814
Point 454/2000 r = 0.7818
Point 455/2000 r = 0.7822
Point 456/2000 r = 0.7826
Point 457/2000 r = 0.783
Point 458/2000 r = 0.7834
Point 459/2000 r = 0.7838
Point 460/2000 r = 0.7842
Point 461/2000 r = 0.7846
Point 462/2000 r = 0.785
Point 463/2000 r = 0.7854
Point 464/2000 r = 0.7858
Point 465/2000 r = 0.7862
Point 466/2000 r = 0.7866
Point 467/2000 r = 0.787
Point 468/2000 r = 0.7874
Point 469/2000 r = 0.7878
Point 470/2000 r = 0.7882
Point 471/2000 r = 0.7886
Point 472/2000 r = 0.789
Point 473/2000 r = 0.7894
Point 474/2000 r = 0.7898
Point 475/2000 r = 0.7902
Point 476/2000 r = 0.7906
Point 477/2000 r = 0.791
Point 478/2000 r = 0.7914
Point 479/2000 r = 0.7918
Point 480/2000 r = 0.7922
Point 481/2000 r = 0.7926
Point 482/2000 r = 0.793
Point 483/2000 r = 0.7934
Point 484/2000 r = 0.7938
Point 485/2000 r = 0.7942
Point 486/2000 r = 0.7946
Point 487/2000 r = 0.795
Point 488/2000 r = 0.7954
Point 489/2000 r = 0.7958
Point 490/2000 r = 0.7962
Point 491/2000 r = 0.7966
Point 492/2000 r = 0.797
Point 493/2000 r = 0.7974
Point 494/2000 r = 0.7978
Point 495/2000 r = 0.7982
Point 496/2000 r = 0.7986
Point 497/2000 r = 0.799
Point 498/2000 r = 0.7994
Point 499/2000 r = 0.7998
Point 500/2000 r = 0.8002
Point 501/2000 r = 0.8006
Point 502/2000 r = 0.801
Point 503/2000 r = 0.8014
Point 504/2000 r = 0.8018
Point 505/2000 r = 0.8022
Point 506/2000 r = 0.8026
Point 507/2000 r = 0.803
Point 508/2000 r = 0.8034
Point 509/2000 r = 0.8038
Point 510/2000 r = 0.8042
Point 511/2000 r = 0.8046
Point 512/2000 r = 0.805
Point 513/2000 r = 0.8054
Point 514/2000 r = 0.8058
Point 515/2000 r = 0.8062
Point 516/2000 r = 0.8066
Point 517/2000 r = 0.807
Point 518/2000 r = 0.8074
Point 519/2000 r = 0.8078
Point 520/2000 r = 0.8082
Point 521/2000 r = 0.8086
Point 522/2000 r = 0.809
Point 523/2000 r = 0.8094
Point 524/2000 r = 0.8098
Point 525/2000 r = 0.8102
Point 526/2000 r = 0.8106
Point 527/2000 r = 0.811
Point 528/2000 r = 0.8114
Point 529/2000 r = 0.8118
Point 530/2000 r = 0.8122
Point 531/2000 r = 0.8126
Point 532/2000 r = 0.813
Point 533/2000 r = 0.8134
Point 534/2000 r = 0.8138
Point 535/2000 r = 0.8142
Point 536/2000 r = 0.8146
Point 537/2000 r = 0.815
Point 538/2000 r = 0.8154
Point 539/2000 r = 0.8158
Point 540/2000 r = 0.8162
Point 541/2000 r = 0.8166
Point 542/2000 r = 0.817
Point 543/2000 r = 0.8174
Point 544/2000 r = 0.8178
Point 545/2000 r = 0.8182
Point 546/2000 r = 0.8186
Point 547/2000 r = 0.819
Point 548/2000 r = 0.8194
Point 549/2000 r = 0.8198
Point 550/2000 r = 0.8202
Point 551/2000 r = 0.8206
Point 552/2000 r = 0.821
Point 553/2000 r = 0.8214
Point 554/2000 r = 0.8218
Point 555/2000 r = 0.8222
Point 556/2000 r = 0.8226
Point 557/2000 r = 0.823
Point 558/2000 r = 0.8234
Point 559/2000 r = 0.8238
Point 560/2000 r = 0.8242
Point 561/2000 r = 0.8246
Point 562/2000 r = 0.825
Point 563/2000 r = 0.8254
Point 564/2000 r = 0.8258
Point 565/2000 r = 0.8262
Point 566/2000 r = 0.8266
Point 567/2000 r = 0.827
Point 568/2000 r = 0.8274
Point 569/2000 r = 0.8278
Point 570/2000 r = 0.8282
Point 571/2000 r = 0.8286
Point 572/2000 r = 0.829
Point 573/2000 r = 0.8294
Point 574/2000 r = 0.8298
Point 575/2000 r = 0.8302
Point 576/2000 r = 0.8306
Point 577/2000 r = 0.831
Point 578/2000 r = 0.8314
Point 579/2000 r = 0.8318
Point 580/2000 r = 0.8322
Point 581/2000 r = 0.8326
Point 582/2000 r = 0.833
Point 583/2000 r = 0.8334
Point 584/2000 r = 0.8338
Point 585/2000 r = 0.8342
Point 586/2000 r = 0.8346
Point 587/2000 r = 0.835
Point 588/2000 r = 0.8354
Point 589/2000 r = 0.8358
Point 590/2000 r = 0.8362
Point 591/2000 r = 0.8366
Point 592/2000 r = 0.837
Point 593/2000 r = 0.8374
Point 594/2000 r = 0.8378
Point 595/2000 r = 0.8382
Point 596/2000 r = 0.8386
Point 597/2000 r = 0.839
Point 598/2000 r = 0.8394
Point 599/2000 r = 0.8398
Point 600/2000 r = 0.8402
Point 601/2000 r = 0.8406
Point 602/2000 r = 0.841
Point 603/2000 r = 0.8414
Point 604/2000 r = 0.8418
Point 605/2000 r = 0.8422
Point 606/2000 r = 0.8426
Point 607/2000 r = 0.843
Point 608/2000 r = 0.8434
Point 609/2000 r = 0.8438
Point 610/2000 r = 0.8442
Point 611/2000 r = 0.8446
Point 612/2000 r = 0.845
Point 613/2000 r = 0.8454
Point 614/2000 r = 0.8458
Point 615/2000 r = 0.8462
Point 616/2000 r = 0.8466
Point 617/2000 r = 0.847
Point 618/2000 r = 0.8474
Point 619/2000 r = 0.8478
Point 620/2000 r = 0.8482
Point 621/2000 r = 0.8486
Point 622/2000 r = 0.849
Point 623/2000 r = 0.8494
Point 624/2000 r = 0.8498
Point 625/2000 r = 0.8502
Point 626/2000 r = 0.8506
Point 627/2000 r = 0.851
Point 628/2000 r = 0.8514
Point 629/2000 r = 0.8518
Point 630/2000 r = 0.8522
Point 631/2000 r = 0.8526
Point 632/2000 r = 0.853
Point 633/2000 r = 0.8534
Point 634/2000 r = 0.8538
Point 635/2000 r = 0.8542
Point 636/2000 r = 0.8546
Point 637/2000 r = 0.855
Point 638/2000 r = 0.8554
Point 639/2000 r = 0.8558
Point 640/2000 r = 0.8562
Point 641/2000 r = 0.8566
Point 642/2000 r = 0.857
Point 643/2000 r = 0.8574
Point 644/2000 r = 0.8578
Point 645/2000 r = 0.8582
Point 646/2000 r = 0.8586
Point 647/2000 r = 0.859
Point 648/2000 r = 0.8594
Point 649/2000 r = 0.8598
Point 650/2000 r = 0.8602
Point 651/2000 r = 0.8606
Point 652/2000 r = 0.861
Point 653/2000 r = 0.8614
Point 654/2000 r = 0.8618
Point 655/2000 r = 0.8622
Point 656/2000 r = 0.8626
Point 657/2000 r = 0.863
Point 658/2000 r = 0.8634
Point 659/2000 r = 0.8638
Point 660/2000 r = 0.8642
Point 661/2000 r = 0.8646
Point 662/2000 r = 0.865
Point 663/2000 r = 0.8654
Point 664/2000 r = 0.8658
Point 665/2000 r = 0.8662
Point 666/2000 r = 0.8666
Point 667/2000 r = 0.867
Point 668/2000 r = 0.8674
Point 669/2000 r = 0.8678
Point 670/2000 r = 0.8682
Point 671/2000 r = 0.8686
Point 672/2000 r = 0.869
Point 673/2000 r = 0.8694
Point 674/2000 r = 0.8698
Point 675/2000 r = 0.8702
Point 676/2000 r = 0.8706
Point 677/2000 r = 0.871
Point 678/2000 r = 0.8714
Point 679/2000 r = 0.8718
Point 680/2000 r = 0.8722
Point 681/2000 r = 0.8726
Point 682/2000 r = 0.873
Point 683/2000 r = 0.8734
Point 684/2000 r = 0.8738
Point 685/2000 r = 0.8742
Point 686/2000 r = 0.8746
Point 687/2000 r = 0.875
Point 688/2000 r = 0.8754
Point 689/2000 r = 0.8758
Point 690/2000 r = 0.8762
Point 691/2000 r = 0.8766
Point 692/2000 r = 0.877
Point 693/2000 r = 0.8774
Point 694/2000 r = 0.8778
Point 695/2000 r = 0.8782
Point 696/2000 r = 0.8786
Point 697/2000 r = 0.879
Point 698/2000 r = 0.8794
Point 699/2000 r = 0.8798
Point 700/2000 r = 0.8802
Point 701/2000 r = 0.8806
Point 702/2000 r = 0.881
Point 703/2000 r = 0.8814
Point 704/2000 r = 0.8818
Point 705/2000 r = 0.8822
Point 706/2000 r = 0.8826
Point 707/2000 r = 0.883
Point 708/2000 r = 0.8834
Point 709/2000 r = 0.8838
Point 710/2000 r = 0.8842
Point 711/2000 r = 0.8846
Point 712/2000 r = 0.885
Point 713/2000 r = 0.8854
Point 714/2000 r = 0.8858
Point 715/2000 r = 0.8862
Point 716/2000 r = 0.8866
Point 717/2000 r = 0.887
Point 718/2000 r = 0.8874
Point 719/2000 r = 0.8878
Point 720/2000 r = 0.8882
Point 721/2000 r = 0.8886
Point 722/2000 r = 0.889
Point 723/2000 r = 0.8894
Point 724/2000 r = 0.8898
Point 725/2000 r = 0.8902
Point 726/2000 r = 0.8906
Point 727/2000 r = 0.891
Point 728/2000 r = 0.8914
Point 729/2000 r = 0.8918
Point 730/2000 r = 0.8922
Point 731/2000 r = 0.8926
Point 732/2000 r = 0.893
Point 733/2000 r = 0.8934
Point 734/2000 r = 0.8938
Point 735/2000 r = 0.8942
Point 736/2000 r = 0.8946
Point 737/2000 r = 0.895
Point 738/2000 r = 0.8954
Point 739/2000 r = 0.8958
Point 740/2000 r = 0.8962
Point 741/2000 r = 0.8966
Point 742/2000 r = 0.897
Point 743/2000 r = 0.8974
Point 744/2000 r = 0.8978
Point 745/2000 r = 0.8982
Point 746/2000 r = 0.8986
Point 747/2000 r = 0.899
Point 748/2000 r = 0.8994
Point 749/2000 r = 0.8998
Point 750/2000 r = 0.9002
Point 751/2000 r = 0.9006
Point 752/2000 r = 0.901
Point 753/2000 r = 0.9014
Point 754/2000 r = 0.9018
Point 755/2000 r = 0.9022
Point 756/2000 r = 0.9026
Point 757/2000 r = 0.903
Point 758/2000 r = 0.9034
Point 759/2000 r = 0.9038
Point 760/2000 r = 0.9042
Point 761/2000 r = 0.9046
Point 762/2000 r = 0.905
Point 763/2000 r = 0.9054
Point 764/2000 r = 0.9058
Point 765/2000 r = 0.9062
Point 766/2000 r = 0.9066
Point 767/2000 r = 0.907
Point 768/2000 r = 0.9074
Point 769/2000 r = 0.9078
Point 770/2000 r = 0.9082
Point 771/2000 r = 0.9086
Point 772/2000 r = 0.909
Point 773/2000 r = 0.9094
Point 774/2000 r = 0.9098
Point 775/2000 r = 0.9102
Point 776/2000 r = 0.9106
Point 777/2000 r = 0.911
Point 778/2000 r = 0.9114
Point 779/2000 r = 0.9118
Point 780/2000 r = 0.9122
Point 781/2000 r = 0.9126
Point 782/2000 r = 0.913
Point 783/2000 r = 0.9134
Point 784/2000 r = 0.9138
Point 785/2000 r = 0.9142
Point 786/2000 r = 0.9146
Point 787/2000 r = 0.915
Point 788/2000 r = 0.9154
Point 789/2000 r = 0.9158
Point 790/2000 r = 0.9162
Point 791/2000 r = 0.9166
Point 792/2000 r = 0.917
Point 793/2000 r = 0.9174
Point 794/2000 r = 0.9178
Point 795/2000 r = 0.9182
Point 796/2000 r = 0.9186
Point 797/2000 r = 0.919
Point 798/2000 r = 0.9194
Point 799/2000 r = 0.9198
Point 800/2000 r = 0.9202
Point 801/2000 r = 0.9206
Point 802/2000 r = 0.921
Point 803/2000 r = 0.9214
Point 804/2000 r = 0.9218
Point 805/2000 r = 0.9222
Point 806/2000 r = 0.9226
Point 807/2000 r = 0.923
Point 808/2000 r = 0.9234
Point 809/2000 r = 0.9238
Point 810/2000 r = 0.9242
Point 811/2000 r = 0.9246
Point 812/2000 r = 0.925
Point 813/2000 r = 0.9254
Point 814/2000 r = 0.9258
Point 815/2000 r = 0.9262
Point 816/2000 r = 0.9266
Point 817/2000 r = 0.927
Point 818/2000 r = 0.9274
Point 819/2000 r = 0.9278
Point 820/2000 r = 0.9282
Point 821/2000 r = 0.9286
Point 822/2000 r = 0.929
Point 823/2000 r = 0.9294
Point 824/2000 r = 0.9298
Point 825/2000 r = 0.9302
Point 826/2000 r = 0.9306
Point 827/2000 r = 0.931
Point 828/2000 r = 0.9314
Point 829/2000 r = 0.9318
Point 830/2000 r = 0.9322
Point 831/2000 r = 0.9326
Point 832/2000 r = 0.933
Point 833/2000 r = 0.9334
Point 834/2000 r = 0.9338
Point 835/2000 r = 0.9342
Point 836/2000 r = 0.9346
Point 837/2000 r = 0.935
Point 838/2000 r = 0.9354
Point 839/2000 r = 0.9358
Point 840/2000 r = 0.9362
Point 841/2000 r = 0.9366
Point 842/2000 r = 0.937
Point 843/2000 r = 0.9374
Point 844/2000 r = 0.9378
Point 845/2000 r = 0.9382
Point 846/2000 r = 0.9386
Point 847/2000 r = 0.939
Point 848/2000 r = 0.9394
Point 849/2000 r = 0.9398
Point 850/2000 r = 0.9402
Point 851/2000 r = 0.9406
Point 852/2000 r = 0.941
Point 853/2000 r = 0.9414
Point 854/2000 r = 0.9418
Point 855/2000 r = 0.9422
Point 856/2000 r = 0.9426
Point 857/2000 r = 0.943
Point 858/2000 r = 0.9434
Point 859/2000 r = 0.9438
Point 860/2000 r = 0.9442
Point 861/2000 r = 0.9446
Point 862/2000 r = 0.945
Point 863/2000 r = 0.9454
Point 864/2000 r = 0.9458
Point 865/2000 r = 0.9462
Point 866/2000 r = 0.9466
Point 867/2000 r = 0.947
Point 868/2000 r = 0.9474
Point 869/2000 r = 0.9478
Point 870/2000 r = 0.9482
Point 871/2000 r = 0.9486
Point 872/2000 r = 0.949
Point 873/2000 r = 0.9494
Point 874/2000 r = 0.9498
Point 875/2000 r = 0.9502
Point 876/2000 r = 0.9506
Point 877/2000 r = 0.951
Point 878/2000 r = 0.9514
Point 879/2000 r = 0.9518
Point 880/2000 r = 0.9522
Point 881/2000 r = 0.9526
Point 882/2000 r = 0.953
Point 883/2000 r = 0.9534
Point 884/2000 r = 0.9538
Point 885/2000 r = 0.9542
Point 886/2000 r = 0.9546
Point 887/2000 r = 0.955
Point 888/2000 r = 0.9554
Point 889/2000 r = 0.9558
Point 890/2000 r = 0.9562
Point 891/2000 r = 0.9566
Point 892/2000 r = 0.957
Point 893/2000 r = 0.9574
Point 894/2000 r = 0.9578
Point 895/2000 r = 0.9582
Point 896/2000 r = 0.9586
Point 897/2000 r = 0.959
Point 898/2000 r = 0.9594
Point 899/2000 r = 0.9598
Point 900/2000 r = 0.9602
Point 901/2000 r = 0.9606
Point 902/2000 r = 0.961
Point 903/2000 r = 0.9614
Point 904/2000 r = 0.9618
Point 905/2000 r = 0.9622
Point 906/2000 r = 0.9626
Point 907/2000 r = 0.963
Point 908/2000 r = 0.9634
Point 909/2000 r = 0.9638
Point 910/2000 r = 0.9642
Point 911/2000 r = 0.9646
Point 912/2000 r = 0.965
Point 913/2000 r = 0.9654
Point 914/2000 r = 0.9658
Point 915/2000 r = 0.9662
Point 916/2000 r = 0.9666
Point 917/2000 r = 0.967
Point 918/2000 r = 0.9674
Point 919/2000 r = 0.9678
Point 920/2000 r = 0.9682
Point 921/2000 r = 0.9686
Point 922/2000 r = 0.969
Point 923/2000 r = 0.9694
Point 924/2000 r = 0.9698
Point 925/2000 r = 0.9702
Point 926/2000 r = 0.9706
Point 927/2000 r = 0.971
Point 928/2000 r = 0.9714
Point 929/2000 r = 0.9718
Point 930/2000 r = 0.9722
Point 931/2000 r = 0.9726
Point 932/2000 r = 0.973
Point 933/2000 r = 0.9734
Point 934/2000 r = 0.9738
Point 935/2000 r = 0.9742
Point 936/2000 r = 0.9746
Point 937/2000 r = 0.975
Point 938/2000 r = 0.9754
Point 939/2000 r = 0.9758
Point 940/2000 r = 0.9762
Point 941/2000 r = 0.9766
Point 942/2000 r = 0.977
Point 943/2000 r = 0.9774
Point 944/2000 r = 0.9778
Point 945/2000 r = 0.9782
Point 946/2000 r = 0.9786
Point 947/2000 r = 0.979
Point 948/2000 r = 0.9794
Point 949/2000 r = 0.9798
Point 950/2000 r = 0.9802
Point 951/2000 r = 0.9806
Point 952/2000 r = 0.981
Point 953/2000 r = 0.9814
Point 954/2000 r = 0.9818
Point 955/2000 r = 0.9822
Point 956/2000 r = 0.9826
Point 957/2000 r = 0.983
Point 958/2000 r = 0.9834
Point 959/2000 r = 0.9838
Point 960/2000 r = 0.9842
Point 961/2000 r = 0.9846
Point 962/2000 r = 0.985
Point 963/2000 r = 0.9854
Point 964/2000 r = 0.9858
Point 965/2000 r = 0.9862
Point 966/2000 r = 0.9866
Point 967/2000 r = 0.987
Point 968/2000 r = 0.9874
Point 969/2000 r = 0.9878
Point 970/2000 r = 0.9882
Point 971/2000 r = 0.9886
Point 972/2000 r = 0.989
Point 973/2000 r = 0.9894
Point 974/2000 r = 0.9898
Point 975/2000 r = 0.9902
Point 976/2000 r = 0.9906
Point 977/2000 r = 0.991
Point 978/2000 r = 0.9914
Point 979/2000 r = 0.9918
Point 980/2000 r = 0.9922
Point 981/2000 r = 0.9926
Point 982/2000 r = 0.993
Point 983/2000 r = 0.9934
Point 984/2000 r = 0.9938
Point 985/2000 r = 0.9942
Point 986/2000 r = 0.9946
Point 987/2000 r = 0.995
Point 988/2000 r = 0.9954
Point 989/2000 r = 0.9958
Point 990/2000 r = 0.9962
Point 991/2000 r = 0.9966
Point 992/2000 r = 0.997
Point 993/2000 r = 0.9974
Point 994/2000 r = 0.9978
Point 995/2000 r = 0.9982
Point 996/2000 r = 0.9986
Point 997/2000 r = 0.999
Point 998/2000 r = 0.9994
Point 999/2000 r = 0.9998
Point 1000/2000 r = 1.0002
Point 1001/2000 r = 1.0006
Point 1002/2000 r = 1.001
Point 1003/2000 r = 1.0014
Point 1004/2000 r = 1.0018
Point 1005/2000 r = 1.0022
Point 1006/2000 r = 1.0026
Point 1007/2000 r = 1.003
Point 1008/2000 r = 1.0034
Point 1009/2000 r = 1.0038
Point 1010/2000 r = 1.0042
Point 1011/2000 r = 1.0046
Point 1012/2000 r = 1.005
Point 1013/2000 r = 1.0054
Point 1014/2000 r = 1.0058
Point 1015/2000 r = 1.0062
Point 1016/2000 r = 1.0066
Point 1017/2000 r = 1.007
Point 1018/2000 r = 1.0074
Point 1019/2000 r = 1.0078
Point 1020/2000 r = 1.0082
Point 1021/2000 r = 1.0086
Point 1022/2000 r = 1.009
Point 1023/2000 r = 1.0094
Point 1024/2000 r = 1.0098
Point 1025/2000 r = 1.0102
Point 1026/2000 r = 1.0106
Point 1027/2000 r = 1.011
Point 1028/2000 r = 1.0114
Point 1029/2000 r = 1.0118
Point 1030/2000 r = 1.0122
Point 1031/2000 r = 1.0126
Point 1032/2000 r = 1.013
Point 1033/2000 r = 1.0134
Point 1034/2000 r = 1.0138
Point 1035/2000 r = 1.0142
Point 1036/2000 r = 1.0146
Point 1037/2000 r = 1.015
Point 1038/2000 r = 1.0154
Point 1039/2000 r = 1.0158
Point 1040/2000 r = 1.0162
Point 1041/2000 r = 1.0166
Point 1042/2000 r = 1.017
Point 1043/2000 r = 1.0174
Point 1044/2000 r = 1.0178
Point 1045/2000 r = 1.0182
Point 1046/2000 r = 1.0186
Point 1047/2000 r = 1.019
Point 1048/2000 r = 1.0194
Point 1049/2000 r = 1.0198
Point 1050/2000 r = 1.0202
Point 1051/2000 r = 1.0206
Point 1052/2000 r = 1.021
Point 1053/2000 r = 1.0214
Point 1054/2000 r = 1.0218
Point 1055/2000 r = 1.0222
Point 1056/2000 r = 1.0226
Point 1057/2000 r = 1.023
Point 1058/2000 r = 1.0234
Point 1059/2000 r = 1.0238
Point 1060/2000 r = 1.0242
Point 1061/2000 r = 1.0246
Point 1062/2000 r = 1.025
Point 1063/2000 r = 1.0254
Point 1064/2000 r = 1.0258
Point 1065/2000 r = 1.0262
Point 1066/2000 r = 1.0266
Point 1067/2000 r = 1.027
Point 1068/2000 r = 1.0274
Point 1069/2000 r = 1.0278
Point 1070/2000 r = 1.0282
Point 1071/2000 r = 1.0286
Point 1072/2000 r = 1.029
Point 1073/2000 r = 1.0294
Point 1074/2000 r = 1.0298
Point 1075/2000 r = 1.0302
Point 1076/2000 r = 1.0306
Point 1077/2000 r = 1.031
Point 1078/2000 r = 1.0314
Point 1079/2000 r = 1.0318
Point 1080/2000 r = 1.0322
Point 1081/2000 r = 1.0326
Point 1082/2000 r = 1.033
Point 1083/2000 r = 1.0334
Point 1084/2000 r = 1.0338
Point 1085/2000 r = 1.0342
Point 1086/2000 r = 1.0346
Point 1087/2000 r = 1.035
Point 1088/2000 r = 1.0354
Point 1089/2000 r = 1.0358
Point 1090/2000 r = 1.0362
Point 1091/2000 r = 1.0366
Point 1092/2000 r = 1.037
Point 1093/2000 r = 1.0374
Point 1094/2000 r = 1.0378
Point 1095/2000 r = 1.0382
Point 1096/2000 r = 1.0386
Point 1097/2000 r = 1.039
Point 1098/2000 r = 1.0394
Point 1099/2000 r = 1.0398
Point 1100/2000 r = 1.0402
Point 1101/2000 r = 1.0406
Point 1102/2000 r = 1.041
Point 1103/2000 r = 1.0414
Point 1104/2000 r = 1.0418
Point 1105/2000 r = 1.0422
Point 1106/2000 r = 1.0426
Point 1107/2000 r = 1.043
Point 1108/2000 r = 1.0434
Point 1109/2000 r = 1.0438
Point 1110/2000 r = 1.0442
Point 1111/2000 r = 1.0446
Point 1112/2000 r = 1.045
Point 1113/2000 r = 1.0454
Point 1114/2000 r = 1.0458
Point 1115/2000 r = 1.0462
Point 1116/2000 r = 1.0466
Point 1117/2000 r = 1.047
Point 1118/2000 r = 1.0474
Point 1119/2000 r = 1.0478
Point 1120/2000 r = 1.0482
Point 1121/2000 r = 1.0486
Point 1122/2000 r = 1.049
Point 1123/2000 r = 1.0494
Point 1124/2000 r = 1.0498
Point 1125/2000 r = 1.0502
Point 1126/2000 r = 1.0506
Point 1127/2000 r = 1.051
Point 1128/2000 r = 1.0514
Point 1129/2000 r = 1.0518
Point 1130/2000 r = 1.0522
Point 1131/2000 r = 1.0526
Point 1132/2000 r = 1.053
Point 1133/2000 r = 1.0534
Point 1134/2000 r = 1.0538
Point 1135/2000 r = 1.0542
Point 1136/2000 r = 1.0546
Point 1137/2000 r = 1.055
Point 1138/2000 r = 1.0554
Point 1139/2000 r = 1.0558
Point 1140/2000 r = 1.0562
Point 1141/2000 r = 1.0566
Point 1142/2000 r = 1.057
Point 1143/2000 r = 1.0574
Point 1144/2000 r = 1.0578
Point 1145/2000 r = 1.0582
Point 1146/2000 r = 1.0586
Point 1147/2000 r = 1.059
Point 1148/2000 r = 1.0594
Point 1149/2000 r = 1.0598
Point 1150/2000 r = 1.0602
Point 1151/2000 r = 1.0606
Point 1152/2000 r = 1.061
Point 1153/2000 r = 1.0614
Point 1154/2000 r = 1.0618
Point 1155/2000 r = 1.0622
Point 1156/2000 r = 1.0626
Point 1157/2000 r = 1.063
Point 1158/2000 r = 1.0634
Point 1159/2000 r = 1.0638
Point 1160/2000 r = 1.0642
Point 1161/2000 r = 1.0646
Point 1162/2000 r = 1.065
Point 1163/2000 r = 1.0654
Point 1164/2000 r = 1.0658
Point 1165/2000 r = 1.0662
Point 1166/2000 r = 1.0666
Point 1167/2000 r = 1.067
Point 1168/2000 r = 1.0674
Point 1169/2000 r = 1.0678
Point 1170/2000 r = 1.0682
Point 1171/2000 r = 1.0686
Point 1172/2000 r = 1.069
Point 1173/2000 r = 1.0694
Point 1174/2000 r = 1.0698
Point 1175/2000 r = 1.0702
Point 1176/2000 r = 1.0706
Point 1177/2000 r = 1.071
Point 1178/2000 r = 1.0714
Point 1179/2000 r = 1.0718
Point 1180/2000 r = 1.0722
Point 1181/2000 r = 1.0726
Point 1182/2000 r = 1.073
Point 1183/2000 r = 1.0734
Point 1184/2000 r = 1.0738
Point 1185/2000 r = 1.0742
Point 1186/2000 r = 1.0746
Point 1187/2000 r = 1.075
Point 1188/2000 r = 1.0754
Point 1189/2000 r = 1.0758
Point 1190/2000 r = 1.0762
Point 1191/2000 r = 1.0766
Point 1192/2000 r = 1.077
Point 1193/2000 r = 1.0774
Point 1194/2000 r = 1.0778
Point 1195/2000 r = 1.0782
Point 1196/2000 r = 1.0786
Point 1197/2000 r = 1.079
Point 1198/2000 r = 1.0794
Point 1199/2000 r = 1.0798
Point 1200/2000 r = 1.0802
Point 1201/2000 r = 1.0806
Point 1202/2000 r = 1.081
Point 1203/2000 r = 1.0814
Point 1204/2000 r = 1.0818
Point 1205/2000 r = 1.0822
Point 1206/2000 r = 1.0826
Point 1207/2000 r = 1.083
Point 1208/2000 r = 1.0834
Point 1209/2000 r = 1.0838
Point 1210/2000 r = 1.0842
Point 1211/2000 r = 1.0846
Point 1212/2000 r = 1.085
Point 1213/2000 r = 1.0854
Point 1214/2000 r = 1.0858
Point 1215/2000 r = 1.0862
Point 1216/2000 r = 1.0866
Point 1217/2000 r = 1.087
Point 1218/2000 r = 1.0874
Point 1219/2000 r = 1.0878
Point 1220/2000 r = 1.0882
Point 1221/2000 r = 1.0886
Point 1222/2000 r = 1.089
Point 1223/2000 r = 1.0894
Point 1224/2000 r = 1.0898
Point 1225/2000 r = 1.0902
Point 1226/2000 r = 1.0906
Point 1227/2000 r = 1.091
Point 1228/2000 r = 1.0914
Point 1229/2000 r = 1.0918
Point 1230/2000 r = 1.0922
Point 1231/2000 r = 1.0926
Point 1232/2000 r = 1.093
Point 1233/2000 r = 1.0934
Point 1234/2000 r = 1.0938
Point 1235/2000 r = 1.0942
Point 1236/2000 r = 1.0946
Point 1237/2000 r = 1.095
Point 1238/2000 r = 1.0954
Point 1239/2000 r = 1.0958
Point 1240/2000 r = 1.0962
Point 1241/2000 r = 1.0966
Point 1242/2000 r = 1.097
Point 1243/2000 r = 1.0974
Point 1244/2000 r = 1.0978
Point 1245/2000 r = 1.0982
Point 1246/2000 r = 1.0986
Point 1247/2000 r = 1.099
Point 1248/2000 r = 1.0994
Point 1249/2000 r = 1.0998
Point 1250/2000 r = 1.1002
Point 1251/2000 r = 1.1006
Point 1252/2000 r = 1.101
Point 1253/2000 r = 1.1014
Point 1254/2000 r = 1.1018
Point 1255/2000 r = 1.1022
Point 1256/2000 r = 1.1026
Point 1257/2000 r = 1.103
Point 1258/2000 r = 1.1034
Point 1259/2000 r = 1.1038
Point 1260/2000 r = 1.1042
Point 1261/2000 r = 1.1046
Point 1262/2000 r = 1.105
Point 1263/2000 r = 1.1054
Point 1264/2000 r = 1.1058
Point 1265/2000 r = 1.1062
Point 1266/2000 r = 1.1066
Point 1267/2000 r = 1.107
Point 1268/2000 r = 1.1074
Point 1269/2000 r = 1.1078
Point 1270/2000 r = 1.1082
Point 1271/2000 r = 1.1086
Point 1272/2000 r = 1.109
Point 1273/2000 r = 1.1094
Point 1274/2000 r = 1.1098
Point 1275/2000 r = 1.1102
Point 1276/2000 r = 1.1106
Point 1277/2000 r = 1.111
Point 1278/2000 r = 1.1114
Point 1279/2000 r = 1.1118
Point 1280/2000 r = 1.1122
Point 1281/2000 r = 1.1126
Point 1282/2000 r = 1.113
Point 1283/2000 r = 1.1134
Point 1284/2000 r = 1.1138
Point 1285/2000 r = 1.1142
Point 1286/2000 r = 1.1146
Point 1287/2000 r = 1.115
Point 1288/2000 r = 1.1154
Point 1289/2000 r = 1.1158
Point 1290/2000 r = 1.1162
Point 1291/2000 r = 1.1166
Point 1292/2000 r = 1.117
Point 1293/2000 r = 1.1174
Point 1294/2000 r = 1.1178
Point 1295/2000 r = 1.1182
Point 1296/2000 r = 1.1186
Point 1297/2000 r = 1.119
Point 1298/2000 r = 1.1194
Point 1299/2000 r = 1.1198
Point 1300/2000 r = 1.1202
Point 1301/2000 r = 1.1206
Point 1302/2000 r = 1.121
Point 1303/2000 r = 1.1214
Point 1304/2000 r = 1.1218
Point 1305/2000 r = 1.1222
Point 1306/2000 r = 1.1226
Point 1307/2000 r = 1.123
Point 1308/2000 r = 1.1234
Point 1309/2000 r = 1.1238
Point 1310/2000 r = 1.1242
Point 1311/2000 r = 1.1246
Point 1312/2000 r = 1.125
Point 1313/2000 r = 1.1254
Point 1314/2000 r = 1.1258
Point 1315/2000 r = 1.1262
Point 1316/2000 r = 1.1266
Point 1317/2000 r = 1.127
Point 1318/2000 r = 1.1274
Point 1319/2000 r = 1.1278
Point 1320/2000 r = 1.1282
Point 1321/2000 r = 1.1286
Point 1322/2000 r = 1.129
Point 1323/2000 r = 1.1294
Point 1324/2000 r = 1.1298
Point 1325/2000 r = 1.1302
Point 1326/2000 r = 1.1306
Point 1327/2000 r = 1.131
Point 1328/2000 r = 1.1314
Point 1329/2000 r = 1.1318
Point 1330/2000 r = 1.1322
Point 1331/2000 r = 1.1326
Point 1332/2000 r = 1.133
Point 1333/2000 r = 1.1334
Point 1334/2000 r = 1.1338
Point 1335/2000 r = 1.1342
Point 1336/2000 r = 1.1346
Point 1337/2000 r = 1.135
Point 1338/2000 r = 1.1354
Point 1339/2000 r = 1.1358
Point 1340/2000 r = 1.1362
Point 1341/2000 r = 1.1366
Point 1342/2000 r = 1.137
Point 1343/2000 r = 1.1374
Point 1344/2000 r = 1.1378
Point 1345/2000 r = 1.1382
Point 1346/2000 r = 1.1386
Point 1347/2000 r = 1.139
Point 1348/2000 r = 1.1394
Point 1349/2000 r = 1.1398
Point 1350/2000 r = 1.1402
Point 1351/2000 r = 1.1406
Point 1352/2000 r = 1.141
Point 1353/2000 r = 1.1414
Point 1354/2000 r = 1.1418
Point 1355/2000 r = 1.1422
Point 1356/2000 r = 1.1426
Point 1357/2000 r = 1.143
Point 1358/2000 r = 1.1434
Point 1359/2000 r = 1.1438
Point 1360/2000 r = 1.1442
Point 1361/2000 r = 1.1446
Point 1362/2000 r = 1.145
Point 1363/2000 r = 1.1454
Point 1364/2000 r = 1.1458
Point 1365/2000 r = 1.1462
Point 1366/2000 r = 1.1466
Point 1367/2000 r = 1.147
Point 1368/2000 r = 1.1474
Point 1369/2000 r = 1.1478
Point 1370/2000 r = 1.1482
Point 1371/2000 r = 1.1486
Point 1372/2000 r = 1.149
Point 1373/2000 r = 1.1494
Point 1374/2000 r = 1.1498
Point 1375/2000 r = 1.1502
Point 1376/2000 r = 1.1506
Point 1377/2000 r = 1.151
Point 1378/2000 r = 1.1514
Point 1379/2000 r = 1.1518
Point 1380/2000 r = 1.1522
Point 1381/2000 r = 1.1526
Point 1382/2000 r = 1.153
Point 1383/2000 r = 1.1534
Point 1384/2000 r = 1.1538
Point 1385/2000 r = 1.1542
Point 1386/2000 r = 1.1546
Point 1387/2000 r = 1.155
Point 1388/2000 r = 1.1554
Point 1389/2000 r = 1.1558
Point 1390/2000 r = 1.1562
Point 1391/2000 r = 1.1566
Point 1392/2000 r = 1.157
Point 1393/2000 r = 1.1574
Point 1394/2000 r = 1.1578
Point 1395/2000 r = 1.1582
Point 1396/2000 r = 1.1586
Point 1397/2000 r = 1.159
Point 1398/2000 r = 1.1594
Point 1399/2000 r = 1.1598
Point 1400/2000 r = 1.1602
Point 1401/2000 r = 1.1606
Point 1402/2000 r = 1.161
Point 1403/2000 r = 1.1614
Point 1404/2000 r = 1.1618
Point 1405/2000 r = 1.1622
Point 1406/2000 r = 1.1626
Point 1407/2000 r = 1.163
Point 1408/2000 r = 1.1634
Point 1409/2000 r = 1.1638
Point 1410/2000 r = 1.1642
Point 1411/2000 r = 1.1646
Point 1412/2000 r = 1.165
Point 1413/2000 r = 1.1654
Point 1414/2000 r = 1.1658
Point 1415/2000 r = 1.1662
Point 1416/2000 r = 1.1666
Point 1417/2000 r = 1.167
Point 1418/2000 r = 1.1674
Point 1419/2000 r = 1.1678
Point 1420/2000 r = 1.1682
Point 1421/2000 r = 1.1686
Point 1422/2000 r = 1.169
Point 1423/2000 r = 1.1694
Point 1424/2000 r = 1.1698
Point 1425/2000 r = 1.1702
Point 1426/2000 r = 1.1706
Point 1427/2000 r = 1.171
Point 1428/2000 r = 1.1714
Point 1429/2000 r = 1.1718
Point 1430/2000 r = 1.1722
Point 1431/2000 r = 1.1726
Point 1432/2000 r = 1.173
Point 1433/2000 r = 1.1734
Point 1434/2000 r = 1.1738
Point 1435/2000 r = 1.1742
Point 1436/2000 r = 1.1746
Point 1437/2000 r = 1.175
Point 1438/2000 r = 1.1754
Point 1439/2000 r = 1.1758
Point 1440/2000 r = 1.1762
Point 1441/2000 r = 1.1766
Point 1442/2000 r = 1.177
Point 1443/2000 r = 1.1774
Point 1444/2000 r = 1.1778
Point 1445/2000 r = 1.1782
Point 1446/2000 r = 1.1786
Point 1447/2000 r = 1.179
Point 1448/2000 r = 1.1794
Point 1449/2000 r = 1.1798
Point 1450/2000 r = 1.1802
Point 1451/2000 r = 1.1806
Point 1452/2000 r = 1.181
Point 1453/2000 r = 1.1814
Point 1454/2000 r = 1.1818
Point 1455/2000 r = 1.1822
Point 1456/2000 r = 1.1826
Point 1457/2000 r = 1.183
Point 1458/2000 r = 1.1834
Point 1459/2000 r = 1.1838
Point 1460/2000 r = 1.1842
Point 1461/2000 r = 1.1846
Point 1462/2000 r = 1.185
Point 1463/2000 r = 1.1854
Point 1464/2000 r = 1.1858
Point 1465/2000 r = 1.1862
Point 1466/2000 r = 1.1866
Point 1467/2000 r = 1.187
Point 1468/2000 r = 1.1874
Point 1469/2000 r = 1.1878
Point 1470/2000 r = 1.1882
Point 1471/2000 r = 1.1886
Point 1472/2000 r = 1.189
Point 1473/2000 r = 1.1894
Point 1474/2000 r = 1.1898
Point 1475/2000 r = 1.1902
Point 1476/2000 r = 1.1906
Point 1477/2000 r = 1.191
Point 1478/2000 r = 1.1914
Point 1479/2000 r = 1.1918
Point 1480/2000 r = 1.1922
Point 1481/2000 r = 1.1926
Point 1482/2000 r = 1.193
Point 1483/2000 r = 1.1934
Point 1484/2000 r = 1.1938
Point 1485/2000 r = 1.1942
Point 1486/2000 r = 1.1946
Point 1487/2000 r = 1.195
Point 1488/2000 r = 1.1954
Point 1489/2000 r = 1.1958
Point 1490/2000 r = 1.1962
Point 1491/2000 r = 1.1966
Point 1492/2000 r = 1.197
Point 1493/2000 r = 1.1974
Point 1494/2000 r = 1.1978
Point 1495/2000 r = 1.1982
Point 1496/2000 r = 1.1986
Point 1497/2000 r = 1.199
Point 1498/2000 r = 1.1994
Point 1499/2000 r = 1.1998
Point 1500/2000 r = 1.2002
Point 1501/2000 r = 1.2006
Point 1502/2000 r = 1.201
Point 1503/2000 r = 1.2014
Point 1504/2000 r = 1.2018
Point 1505/2000 r = 1.2022
Point 1506/2000 r = 1.2026
Point 1507/2000 r = 1.203
Point 1508/2000 r = 1.2034
Point 1509/2000 r = 1.2038
Point 1510/2000 r = 1.2042
Point 1511/2000 r = 1.2046
Point 1512/2000 r = 1.205
Point 1513/2000 r = 1.2054
Point 1514/2000 r = 1.2058
Point 1515/2000 r = 1.2062
Point 1516/2000 r = 1.2066
Point 1517/2000 r = 1.207
Point 1518/2000 r = 1.2074
Point 1519/2000 r = 1.2078
Point 1520/2000 r = 1.2082
Point 1521/2000 r = 1.2086
Point 1522/2000 r = 1.209
Point 1523/2000 r = 1.2094
Point 1524/2000 r = 1.2098
Point 1525/2000 r = 1.2102
Point 1526/2000 r = 1.2106
Point 1527/2000 r = 1.211
Point 1528/2000 r = 1.2114
Point 1529/2000 r = 1.2118
Point 1530/2000 r = 1.2122
Point 1531/2000 r = 1.2126
Point 1532/2000 r = 1.213
Point 1533/2000 r = 1.2134
Point 1534/2000 r = 1.2138
Point 1535/2000 r = 1.2142
Point 1536/2000 r = 1.2146
Point 1537/2000 r = 1.215
Point 1538/2000 r = 1.2154
Point 1539/2000 r = 1.2158
Point 1540/2000 r = 1.2162
Point 1541/2000 r = 1.2166
Point 1542/2000 r = 1.217
Point 1543/2000 r = 1.2174
Point 1544/2000 r = 1.2178
Point 1545/2000 r = 1.2182
Point 1546/2000 r = 1.2186
Point 1547/2000 r = 1.219
Point 1548/2000 r = 1.2194
Point 1549/2000 r = 1.2198
Point 1550/2000 r = 1.2202
Point 1551/2000 r = 1.2206
Point 1552/2000 r = 1.221
Point 1553/2000 r = 1.2214
Point 1554/2000 r = 1.2218
Point 1555/2000 r = 1.2222
Point 1556/2000 r = 1.2226
Point 1557/2000 r = 1.223
Point 1558/2000 r = 1.2234
Point 1559/2000 r = 1.2238
Point 1560/2000 r = 1.2242
Point 1561/2000 r = 1.2246
Point 1562/2000 r = 1.225
Point 1563/2000 r = 1.2254
Point 1564/2000 r = 1.2258
Point 1565/2000 r = 1.2262
Point 1566/2000 r = 1.2266
Point 1567/2000 r = 1.227
Point 1568/2000 r = 1.2274
Point 1569/2000 r = 1.2278
Point 1570/2000 r = 1.2282
Point 1571/2000 r = 1.2286
Point 1572/2000 r = 1.229
Point 1573/2000 r = 1.2294
Point 1574/2000 r = 1.2298
Point 1575/2000 r = 1.2302
Point 1576/2000 r = 1.2306
Point 1577/2000 r = 1.231
Point 1578/2000 r = 1.2314
Point 1579/2000 r = 1.2318
Point 1580/2000 r = 1.2322
Point 1581/2000 r = 1.2326
Point 1582/2000 r = 1.233
Point 1583/2000 r = 1.2334
Point 1584/2000 r = 1.2338
Point 1585/2000 r = 1.2342
Point 1586/2000 r = 1.2346
Point 1587/2000 r = 1.235
Point 1588/2000 r = 1.2354
Point 1589/2000 r = 1.2358
Point 1590/2000 r = 1.2362
Point 1591/2000 r = 1.2366
Point 1592/2000 r = 1.237
Point 1593/2000 r = 1.2374
Point 1594/2000 r = 1.2378
Point 1595/2000 r = 1.2382
Point 1596/2000 r = 1.2386
Point 1597/2000 r = 1.239
Point 1598/2000 r = 1.2394
Point 1599/2000 r = 1.2398
Point 1600/2000 r = 1.2402
Point 1601/2000 r = 1.2406
Point 1602/2000 r = 1.241
Point 1603/2000 r = 1.2414
Point 1604/2000 r = 1.2418
Point 1605/2000 r = 1.2422
Point 1606/2000 r = 1.2426
Point 1607/2000 r = 1.243
Point 1608/2000 r = 1.2434
Point 1609/2000 r = 1.2438
Point 1610/2000 r = 1.2442
Point 1611/2000 r = 1.2446
Point 1612/2000 r = 1.245
Point 1613/2000 r = 1.2454
Point 1614/2000 r = 1.2458
Point 1615/2000 r = 1.2462
Point 1616/2000 r = 1.2466
Point 1617/2000 r = 1.247
Point 1618/2000 r = 1.2474
Point 1619/2000 r = 1.2478
Point 1620/2000 r = 1.2482
Point 1621/2000 r = 1.2486
Point 1622/2000 r = 1.249
Point 1623/2000 r = 1.2494
Point 1624/2000 r = 1.2498
Point 1625/2000 r = 1.2502
Point 1626/2000 r = 1.2506
Point 1627/2000 r = 1.251
Point 1628/2000 r = 1.2514
Point 1629/2000 r = 1.2518
Point 1630/2000 r = 1.2522
Point 1631/2000 r = 1.2526
Point 1632/2000 r = 1.253
Point 1633/2000 r = 1.2534
Point 1634/2000 r = 1.2538
Point 1635/2000 r = 1.2542
Point 1636/2000 r = 1.2546
Point 1637/2000 r = 1.255
Point 1638/2000 r = 1.2554
Point 1639/2000 r = 1.2558
Point 1640/2000 r = 1.2562
Point 1641/2000 r = 1.2566
Point 1642/2000 r = 1.257
Point 1643/2000 r = 1.2574
Point 1644/2000 r = 1.2578
Point 1645/2000 r = 1.2582
Point 1646/2000 r = 1.2586
Point 1647/2000 r = 1.259
Point 1648/2000 r = 1.2594
Point 1649/2000 r = 1.2598
Point 1650/2000 r = 1.2602
Point 1651/2000 r = 1.2606
Point 1652/2000 r = 1.261
Point 1653/2000 r = 1.2614
Point 1654/2000 r = 1.2618
Point 1655/2000 r = 1.2622
Point 1656/2000 r = 1.2626
Point 1657/2000 r = 1.263
Point 1658/2000 r = 1.2634
Point 1659/2000 r = 1.2638
Point 1660/2000 r = 1.2642
Point 1661/2000 r = 1.2646
Point 1662/2000 r = 1.265
Point 1663/2000 r = 1.2654
Point 1664/2000 r = 1.2658
Point 1665/2000 r = 1.2662
Point 1666/2000 r = 1.2666
Point 1667/2000 r = 1.267
Point 1668/2000 r = 1.2674
Point 1669/2000 r = 1.2678
Point 1670/2000 r = 1.2682
Point 1671/2000 r = 1.2686
Point 1672/2000 r = 1.269
Point 1673/2000 r = 1.2694
Point 1674/2000 r = 1.2698
Point 1675/2000 r = 1.2702
Point 1676/2000 r = 1.2706
Point 1677/2000 r = 1.271
Point 1678/2000 r = 1.2714
Point 1679/2000 r = 1.2718
Point 1680/2000 r = 1.2722
Point 1681/2000 r = 1.2726
Point 1682/2000 r = 1.273
Point 1683/2000 r = 1.2734
Point 1684/2000 r = 1.2738
Point 1685/2000 r = 1.2742
Point 1686/2000 r = 1.2746
Point 1687/2000 r = 1.275
Point 1688/2000 r = 1.2754
Point 1689/2000 r = 1.2758
Point 1690/2000 r = 1.2762
Point 1691/2000 r = 1.2766
Point 1692/2000 r = 1.277
Point 1693/2000 r = 1.2774
Point 1694/2000 r = 1.2778
Point 1695/2000 r = 1.2782
Point 1696/2000 r = 1.2786
Point 1697/2000 r = 1.279
Point 1698/2000 r = 1.2794
Point 1699/2000 r = 1.2798
Point 1700/2000 r = 1.2802
Point 1701/2000 r = 1.2806
Point 1702/2000 r = 1.281
Point 1703/2000 r = 1.2814
Point 1704/2000 r = 1.2818
Point 1705/2000 r = 1.2822
Point 1706/2000 r = 1.2826
Point 1707/2000 r = 1.283
Point 1708/2000 r = 1.2834
Point 1709/2000 r = 1.2838
Point 1710/2000 r = 1.2842
Point 1711/2000 r = 1.2846
Point 1712/2000 r = 1.285
Point 1713/2000 r = 1.2854
Point 1714/2000 r = 1.2858
Point 1715/2000 r = 1.2862
Point 1716/2000 r = 1.2866
Point 1717/2000 r = 1.287
Point 1718/2000 r = 1.2874
Point 1719/2000 r = 1.2878
Point 1720/2000 r = 1.2882
Point 1721/2000 r = 1.2886
Point 1722/2000 r = 1.289
Point 1723/2000 r = 1.2894
Point 1724/2000 r = 1.2898
Point 1725/2000 r = 1.2902
Point 1726/2000 r = 1.2906
Point 1727/2000 r = 1.291
Point 1728/2000 r = 1.2914
Point 1729/2000 r = 1.2918
Point 1730/2000 r = 1.2922
Point 1731/2000 r = 1.2926
Point 1732/2000 r = 1.293
Point 1733/2000 r = 1.2934
Point 1734/2000 r = 1.2938
Point 1735/2000 r = 1.2942
Point 1736/2000 r = 1.2946
Point 1737/2000 r = 1.295
Point 1738/2000 r = 1.2954
Point 1739/2000 r = 1.2958
Point 1740/2000 r = 1.2962
Point 1741/2000 r = 1.2966
Point 1742/2000 r = 1.297
Point 1743/2000 r = 1.2974
Point 1744/2000 r = 1.2978
Point 1745/2000 r = 1.2982
Point 1746/2000 r = 1.2986
Point 1747/2000 r = 1.299
Point 1748/2000 r = 1.2994
Point 1749/2000 r = 1.2998
Point 1750/2000 r = 1.3002
Point 1751/2000 r = 1.3006
Point 1752/2000 r = 1.301
Point 1753/2000 r = 1.3014
Point 1754/2000 r = 1.3018
Point 1755/2000 r = 1.3022
Point 1756/2000 r = 1.3026
Point 1757/2000 r = 1.303
Point 1758/2000 r = 1.3034
Point 1759/2000 r = 1.3038
Point 1760/2000 r = 1.3042
Point 1761/2000 r = 1.3046
Point 1762/2000 r = 1.305
Point 1763/2000 r = 1.3054
Point 1764/2000 r = 1.3058
Point 1765/2000 r = 1.3062
Point 1766/2000 r = 1.3066
Point 1767/2000 r = 1.307
Point 1768/2000 r = 1.3074
Point 1769/2000 r = 1.3078
Point 1770/2000 r = 1.3082
Point 1771/2000 r = 1.3086
Point 1772/2000 r = 1.309
Point 1773/2000 r = 1.3094
Point 1774/2000 r = 1.3098
Point 1775/2000 r = 1.3102
Point 1776/2000 r = 1.3106
Point 1777/2000 r = 1.311
Point 1778/2000 r = 1.3114
Point 1779/2000 r = 1.3118
Point 1780/2000 r = 1.3122
Point 1781/2000 r = 1.3126
Point 1782/2000 r = 1.313
Point 1783/2000 r = 1.3134
Point 1784/2000 r = 1.3138
Point 1785/2000 r = 1.3142
Point 1786/2000 r = 1.3146
Point 1787/2000 r = 1.315
Point 1788/2000 r = 1.3154
Point 1789/2000 r = 1.3158
Point 1790/2000 r = 1.3162
Point 1791/2000 r = 1.3166
Point 1792/2000 r = 1.317
Point 1793/2000 r = 1.3174
Point 1794/2000 r = 1.3178
Point 1795/2000 r = 1.3182
Point 1796/2000 r = 1.3186
Point 1797/2000 r = 1.319
Point 1798/2000 r = 1.3194
Point 1799/2000 r = 1.3198
Point 1800/2000 r = 1.3202
Point 1801/2000 r = 1.3206
Point 1802/2000 r = 1.321
Point 1803/2000 r = 1.3214
Point 1804/2000 r = 1.3218
Point 1805/2000 r = 1.3222
Point 1806/2000 r = 1.3226
Point 1807/2000 r = 1.323
Point 1808/2000 r = 1.3234
Point 1809/2000 r = 1.3238
Point 1810/2000 r = 1.3242
Point 1811/2000 r = 1.3246
Point 1812/2000 r = 1.325
Point 1813/2000 r = 1.3254
Point 1814/2000 r = 1.3258
Point 1815/2000 r = 1.3262
Point 1816/2000 r = 1.3266
Point 1817/2000 r = 1.327
Point 1818/2000 r = 1.3274
Point 1819/2000 r = 1.3278
Point 1820/2000 r = 1.3282
Point 1821/2000 r = 1.3286
Point 1822/2000 r = 1.329
Point 1823/2000 r = 1.3294
Point 1824/2000 r = 1.3298
Point 1825/2000 r = 1.3302
Point 1826/2000 r = 1.3306
Point 1827/2000 r = 1.331
Point 1828/2000 r = 1.3314
Point 1829/2000 r = 1.3318
Point 1830/2000 r = 1.3322
Point 1831/2000 r = 1.3326
Point 1832/2000 r = 1.333
Point 1833/2000 r = 1.3334
Point 1834/2000 r = 1.3338
Point 1835/2000 r = 1.3342
Point 1836/2000 r = 1.3346
Point 1837/2000 r = 1.335
Point 1838/2000 r = 1.3354
Point 1839/2000 r = 1.3358
Point 1840/2000 r = 1.3362
Point 1841/2000 r = 1.3366
Point 1842/2000 r = 1.337
Point 1843/2000 r = 1.3374
Point 1844/2000 r = 1.3378
Point 1845/2000 r = 1.3382
Point 1846/2000 r = 1.3386
Point 1847/2000 r = 1.339
Point 1848/2000 r = 1.3394
Point 1849/2000 r = 1.3398
Point 1850/2000 r = 1.3402
Point 1851/2000 r = 1.3406
Point 1852/2000 r = 1.341
Point 1853/2000 r = 1.3414
Point 1854/2000 r = 1.3418
Point 1855/2000 r = 1.3422
Point 1856/2000 r = 1.3426
Point 1857/2000 r = 1.343
Point 1858/2000 r = 1.3434
Point 1859/2000 r = 1.3438
Point 1860/2000 r = 1.3442
Point 1861/2000 r = 1.3446
Point 1862/2000 r = 1.345
Point 1863/2000 r = 1.3454
Point 1864/2000 r = 1.3458
Point 1865/2000 r = 1.3462
Point 1866/2000 r = 1.3466
Point 1867/2000 r = 1.347
Point 1868/2000 r = 1.3474
Point 1869/2000 r = 1.3478
Point 1870/2000 r = 1.3482
Point 1871/2000 r = 1.3486
Point 1872/2000 r = 1.349
Point 1873/2000 r = 1.3494
Point 1874/2000 r = 1.3498
Point 1875/2000 r = 1.3502
Point 1876/2000 r = 1.3506
Point 1877/2000 r = 1.351
Point 1878/2000 r = 1.3514
Point 1879/2000 r = 1.3518
Point 1880/2000 r = 1.3522
Point 1881/2000 r = 1.3526
Point 1882/2000 r = 1.353
Point 1883/2000 r = 1.3534
Point 1884/2000 r = 1.3538
Point 1885/2000 r = 1.3542
Point 1886/2000 r = 1.3546
Point 1887/2000 r = 1.355
Point 1888/2000 r = 1.3554
Point 1889/2000 r = 1.3558
Point 1890/2000 r = 1.3562
Point 1891/2000 r = 1.3566
Point 1892/2000 r = 1.357
Point 1893/2000 r = 1.3574
Point 1894/2000 r = 1.3578
Point 1895/2000 r = 1.3582
Point 1896/2000 r = 1.3586
Point 1897/2000 r = 1.359
Point 1898/2000 r = 1.3594
Point 1899/2000 r = 1.3598
Point 1900/2000 r = 1.3602
Point 1901/2000 r = 1.3606
Point 1902/2000 r = 1.361
Point 1903/2000 r = 1.3614
Point 1904/2000 r = 1.3618
Point 1905/2000 r = 1.3622
Point 1906/2000 r = 1.3626
Point 1907/2000 r = 1.363
Point 1908/2000 r = 1.3634
Point 1909/2000 r = 1.3638
Point 1910/2000 r = 1.3642
Point 1911/2000 r = 1.3646
Point 1912/2000 r = 1.365
Point 1913/2000 r = 1.3654
Point 1914/2000 r = 1.3658
Point 1915/2000 r = 1.3662
Point 1916/2000 r = 1.3666
Point 1917/2000 r = 1.367
Point 1918/2000 r = 1.3674
Point 1919/2000 r = 1.3678
Point 1920/2000 r = 1.3682
Point 1921/2000 r = 1.3686
Point 1922/2000 r = 1.369
Point 1923/2000 r = 1.3694
Point 1924/2000 r = 1.3698
Point 1925/2000 r = 1.3702
Point 1926/2000 r = 1.3706
Point 1927/2000 r = 1.371
Point 1928/2000 r = 1.3714
Point 1929/2000 r = 1.3718
Point 1930/2000 r = 1.3722
Point 1931/2000 r = 1.3726
Point 1932/2000 r = 1.373
Point 1933/2000 r = 1.3734
Point 1934/2000 r = 1.3738
Point 1935/2000 r = 1.3742
Point 1936/2000 r = 1.3746
Point 1937/2000 r = 1.375
Point 1938/2000 r = 1.3754
Point 1939/2000 r = 1.3758
Point 1940/2000 r = 1.3762
Point 1941/2000 r = 1.3766
Point 1942/2000 r = 1.377
Point 1943/2000 r = 1.3774
Point 1944/2000 r = 1.3778
Point 1945/2000 r = 1.3782
Point 1946/2000 r = 1.3786
Point 1947/2000 r = 1.379
Point 1948/2000 r = 1.3794
Point 1949/2000 r = 1.3798
Point 1950/2000 r = 1.3802
Point 1951/2000 r = 1.3806
Point 1952/2000 r = 1.381
Point 1953/2000 r = 1.3814
Point 1954/2000 r = 1.3818
Point 1955/2000 r = 1.3822
Point 1956/2000 r = 1.3826
Point 1957/2000 r = 1.383
Point 1958/2000 r = 1.3834
Point 1959/2000 r = 1.3838
Point 1960/2000 r = 1.3842
Point 1961/2000 r = 1.3846
Point 1962/2000 r = 1.385
Point 1963/2000 r = 1.3854
Point 1964/2000 r = 1.3858
Point 1965/2000 r = 1.3862
Point 1966/2000 r = 1.3866
Point 1967/2000 r = 1.387
Point 1968/2000 r = 1.3874
Point 1969/2000 r = 1.3878
Point 1970/2000 r = 1.3882
Point 1971/2000 r = 1.3886
Point 1972/2000 r = 1.389
Point 1973/2000 r = 1.3894
Point 1974/2000 r = 1.3898
Point 1975/2000 r = 1.3902
Point 1976/2000 r = 1.3906
Point 1977/2000 r = 1.391
Point 1978/2000 r = 1.3914
Point 1979/2000 r = 1.3918
Point 1980/2000 r = 1.3922
Point 1981/2000 r = 1.3926
Point 1982/2000 r = 1.393
Point 1983/2000 r = 1.3934
Point 1984/2000 r = 1.3938
Point 1985/2000 r = 1.3942
Point 1986/2000 r = 1.3946
Point 1987/2000 r = 1.395
Point 1988/2000 r = 1.3954
Point 1989/2000 r = 1.3958
Point 1990/2000 r = 1.3962
Point 1991/2000 r = 1.3966
Point 1992/2000 r = 1.397
Point 1993/2000 r = 1.3974
Point 1994/2000 r = 1.3978
Point 1995/2000 r = 1.3982
Point 1996/2000 r = 1.3986
Point 1997/2000 r = 1.399
Point 1998/2000 r = 1.3994
Point 1999/2000 r = 1.3998
Done in 0.00 min (cpu), 0.01 min (real)
